2022-06-13 15:45:56|   0.0|  0.0|INFORM|Current FME version: FME 2022.0.0.1 (20220505 - Build 22339 - WIN64)
2022-06-13 15:45:56|   0.0|  0.0|INFORM|FME_HOME is 'C:\Program Files\FME\'
2022-06-13 15:45:56|   0.0|  0.0|INFORM|FME ESRI Edition (node locked-crc)
2022-06-13 15:45:56|   0.0|  0.0|INFORM|Serial Number: 6URQ-GKNX-223T
2022-06-13 15:45:56|   0.0|  0.0|INFORM|Temporary License: 37 days left.
2022-06-13 15:45:56|   0.0|  0.0|INFORM|Machine host name is: 1-12504
2022-06-13 15:45:56|   0.0|  0.0|INFORM|OS Locale Name     : en_US
2022-06-13 15:45:56|   0.0|  0.0|INFORM|OS Locale Encoding : windows-1252
2022-06-13 15:45:56|   0.0|  0.0|INFORM|Process Encoding   : UTF-8
2022-06-13 15:45:56|   0.0|  0.0|INFORM|FME Configuration: FME_BASE is 'no'
2022-06-13 15:45:56|   0.0|  0.0|INFORM|FME Configuration: FME_MF_DIR is 'C:\Users\mmiller\OneDrive - City of Waco Texas\Documents\FME\Workspaces/'
2022-06-13 15:45:56|   0.0|  0.0|INFORM|FME Configuration: FME_MF_NAME is 'energov.fmw'
2022-06-13 15:45:56|   0.0|  0.0|INFORM|FME Configuration: FME_PRODUCT_NAME is 'FME(R) 2022.0.0.1'
2022-06-13 15:45:56|   0.0|  0.0|INFORM|Operating System: Microsoft Windows 10 64-bit  (Build 19044)
2022-06-13 15:45:56|   0.0|  0.0|INFORM|FME Platform: WIN64
2022-06-13 15:45:56|   0.0|  0.0|INFORM|System Status: 703.71 GB of disk space available in the FME temporary folder (C:\Users\mmiller\AppData\Local\Temp\wbrun_1655126695740_7656\fmetmp_5f)
2022-06-13 15:45:56|   0.0|  0.0|INFORM|System Status: 63.69 GB of physical memory available
2022-06-13 15:45:56|   0.0|  0.0|INFORM|System Status: 254.76 GB of virtual memory available
2022-06-13 15:45:56|   0.0|  0.0|INFORM|START - ProcessID: 29140, peak process memory usage: 55256 kB, current process memory usage: 55256 kB
2022-06-13 15:45:56|   0.0|  0.0|INFORM|FME Configuration: Command line arguments are `C:\Program Files\FME\fme.exe' `C:/Users/mmiller/OneDrive - City of Waco Texas/Documents/FME/Workspaces\wb-xlate-1655153155565_7656' `LOG_STANDARDOUT' `YES' `LOG_TIMINGS' `YES' `LogCountServerName' `60385' `LOG_STANDARDOUT' `No' `WORKBENCH_LOG_SERVER' `60381'
2022-06-13 15:45:56|   0.0|  0.0|INFORM|FME Configuration: Connection Storage: 'C:\Users\mmiller\AppData\Roaming\Safe Software\FME\'
2022-06-13 15:45:56|   0.0|  0.0|INFORM|Shared folders for formats are : C:\Program Files\FME\datasources;C:\Users\mmiller\OneDrive - City of Waco Texas\Documents\FME\Formats
2022-06-13 15:45:56|   0.0|  0.0|INFORM|Shared folders for transformers are : C:\Users\mmiller\AppData\Roaming\Safe Software\FME\Packages\22339-win64\transformers;C:\Program Files\FME\transformers;C:\Users\mmiller\AppData\Roaming\Safe Software\FME\FME Store\Transformers
2022-06-13 15:45:56|   0.0|  0.0|INFORM|Shared folders for coordinate systems are : C:\Users\mmiller\OneDrive - City of Waco Texas\Documents\FME\CoordinateSystems
2022-06-13 15:45:56|   0.0|  0.0|INFORM|Shared folders for coordinate system exceptions are : C:\Users\mmiller\OneDrive - City of Waco Texas\Documents\FME\CoordinateSystemExceptions
2022-06-13 15:45:56|   0.0|  0.0|INFORM|Shared folders for coordinate system grid overrides are : C:\Users\mmiller\OneDrive - City of Waco Texas\Documents\FME\CoordinateSystemGridOverrides
2022-06-13 15:45:56|   0.0|  0.0|INFORM|Shared folders for CS-MAP transformation exceptions are : C:\Users\mmiller\OneDrive - City of Waco Texas\Documents\FME\CsmapTransformationExceptions
2022-06-13 15:45:56|   0.0|  0.0|INFORM|Shared folders for transformer categories are : C:\Users\mmiller\OneDrive - City of Waco Texas\Documents\FME\TransformerCategories
2022-06-13 15:45:56|   0.0|  0.0|INFORM|FME Configuration: Reader Keyword is `MULTI_READER'
2022-06-13 15:45:56|   0.0|  0.0|INFORM|FME Configuration: Writer Keyword is `NULL_DEST'
2022-06-13 15:45:56|   0.0|  0.0|INFORM|FME Configuration: Writer Group Definition Keyword is `NULL_DEST_DEF'
2022-06-13 15:45:56|   0.0|  0.0|INFORM|FME Configuration: Reader type is `MULTI_READER'
2022-06-13 15:45:56|   0.0|  0.0|INFORM|FME Configuration: Writer type is `NULL'
2022-06-13 15:45:56|   0.0|  0.0|INFORM|FME Configuration: No destination coordinate system set
2022-06-13 15:45:56|   0.0|  0.0|INFORM|FME Configuration: Current working folder is `C:\Users\mmiller\OneDrive - City of Waco Texas\Documents\FME\Workspaces'
2022-06-13 15:45:56|   0.0|  0.0|INFORM|FME Configuration: Temporary folder is `C:\Users\mmiller\AppData\Local\Temp\wbrun_1655126695740_7656\fmetmp_5f', set from environment variable `FME_TEMP'
2022-06-13 15:45:56|   0.0|  0.0|INFORM|FME Configuration: Cache folder is 'C:\Users\mmiller\AppData\Local\Temp'
2022-06-13 15:45:56|   0.0|  0.0|INFORM|FME Configuration: FME_HOME is `C:\Program Files\FME\'
2022-06-13 15:45:56|   0.0|  0.0|INFORM|FME Configuration: Start freeing memory when the process exceeds 191.07 GB
2022-06-13 15:45:56|   0.0|  0.0|INFORM|FME Configuration: Stop freeing memory when the process is below 143.30 GB
2022-06-13 15:45:56|   0.0|  0.0|INFORM|Creating writer for format: NULL (Nothing)
2022-06-13 15:45:56|   0.0|  0.0|INFORM|Trying to find a DYNAMIC plugin for writer named `NULL'
2022-06-13 15:45:56|   0.0|  0.0|INFORM|Loaded module 'NULL' from file 'C:\Program Files\FME\plugins/NULL.dll'
2022-06-13 15:45:56|   0.0|  0.0|INFORM|FME API version of module 'NULL' matches current internal version (4.0 20220317)
2022-06-13 15:45:56|   0.0|  0.0|INFORM|Creating reader for format: 
2022-06-13 15:45:56|   0.0|  0.0|INFORM|MULTI_READER(MULTI_READER): Will fail with first member reader failure
2022-06-13 15:45:56|   0.0|  0.0|INFORM|Using Multi Reader with keyword `MULTI_READER' to read multiple datasets
2022-06-13 15:45:56|   0.0|  0.0|INFORM|Loaded module 'LogCount_func' from file 'C:\Program Files\FME\plugins/LogCount_func.dll'
2022-06-13 15:45:56|   0.0|  0.0|INFORM|FME API version of module 'LogCount_func' matches current internal version (4.0 20220317)
2022-06-13 15:45:56|   0.0|  0.0|INFORM|Emptying factory pipeline
2022-06-13 15:45:56|   0.0|  0.0|STATS |Router and Unexpected Input Remover (RoutingFactory): Tested 0 input feature(s), wrote 0 output feature(s): 0 matched merge filters, 0 were routed to output, 0 could not be routed.
2022-06-13 15:45:56|   0.0|  0.0|STATS |Unexpected Input Remover Nuker (TeeFactory): Cloned 0 input feature(s) into 0 output feature(s)
2022-06-13 15:45:56|   0.0|  0.0|STATS |data.PARCELTAXROLL_MSSQL_SPATIAL_1 Splitter (TeeFactory): Cloned 0 input feature(s) into 0 output feature(s)
2022-06-13 15:45:56|   0.0|  0.0|STATS |dbo.MAILINGADDRESS_MSSQL_JDBC_NONSPATIAL_2_1 Splitter (TeeFactory): Cloned 0 input feature(s) into 0 output feature(s)
2022-06-13 15:45:56|   0.0|  0.0|STATS |dbo.PARCEL_MSSQL_JDBC_NONSPATIAL_2_1 Splitter (TeeFactory): Cloned 0 input feature(s) into 0 output feature(s)
2022-06-13 15:45:56|   0.0|  0.0|STATS |dbo.PMPERMIT_MSSQL_JDBC_NONSPATIAL_2_1 Splitter (TeeFactory): Cloned 0 input feature(s) into 0 output feature(s)
2022-06-13 15:45:56|   0.0|  0.0|STATS |dbo.PMPERMITADDRESS_MSSQL_JDBC_NONSPATIAL_2_1 Splitter (TeeFactory): Cloned 0 input feature(s) into 0 output feature(s)
2022-06-13 15:45:56|   0.0|  0.0|STATS |dbo.PMPERMITPARCEL_MSSQL_JDBC_NONSPATIAL_2_1 Splitter (TeeFactory): Cloned 0 input feature(s) into 0 output feature(s)
2022-06-13 15:45:56|   0.0|  0.0|STATS |dbo.PMPERMITSTATUS_MSSQL_JDBC_NONSPATIAL_2_1 Splitter (TeeFactory): Cloned 0 input feature(s) into 0 output feature(s)
2022-06-13 15:45:56|   0.0|  0.0|STATS |Restoring 1 feature(s) from FME feature store file `C:\Users\mmiller\AppData\Local\Temp\wb-cache-energov-orgZut\Main_FeatureJoiner_7 -1 27 fo 0 JOINED  0  f1daa669ec1cefa55513b855c25d888b47271e15.ffs'
2022-06-13 15:45:57|   0.0|  0.0|STATS |Restoring 2 feature(s) from FME feature store file `C:\Users\mmiller\AppData\Local\Temp\wb-cache-energov-orgZut\Main_FeatureMerger_3 -1 35 fo 0 MERGED  0  fdc3c6ba19447becabc994620521fb171c3eaa1a.ffs'
2022-06-13 15:45:57|   0.0|  0.0|INFORM|FeatureMerger_4 (ReferenceFactory): Splitting bulk features into individual features
2022-06-13 15:45:57|   0.0|  0.0|STATS |Storing feature(s) to FME feature store file `C:\Users\mmiller\AppData\Local\Temp\wb-cache-energov-orgZut\Main_FeatureMerger_4 -1 29 fo 4 _lt_REJECTED_gt_  0  9aca363af7a1adb74655fad85d8c32df5a69718e.ffsupdating'
2022-06-13 15:45:57|   0.6|  0.6|INFORM|FeatureMerger_4 (ReferenceFactory): Splitting bulk features into individual features
2022-06-13 15:45:57|   0.6|  0.0|INFORM|FeatureMerger_3_MERGED_-1_39_Player (RecorderFactory): Played back 45660 feature(s) from file `C:\Users\mmiller\AppData\Local\Temp\wb-cache-energov-orgZut\Main_FeatureMerger_3 -1 35 fo 0 MERGED  0  fdc3c6ba19447becabc994620521fb171c3eaa1a.ffs'
2022-06-13 15:45:57|   0.6|  0.0|INFORM|FeatureJoiner_7_JOINED_-1_30_Player (RecorderFactory): Played back 50418 feature(s) from file `C:\Users\mmiller\AppData\Local\Temp\wb-cache-energov-orgZut\Main_FeatureJoiner_7 -1 27 fo 0 JOINED  0  f1daa669ec1cefa55513b855c25d888b47271e15.ffs'
2022-06-13 15:45:58|   1.2|  0.6|STATS |Storing feature(s) to FME feature store file `C:\Users\mmiller\AppData\Local\Temp\wb-cache-energov-orgZut\Main_FeatureMerger_4 -1 29 fo 0 MERGED  0  ad415c585facc48a8cdc09611f378c4b7e866dd2.ffsupdating'
2022-06-13 15:45:58|   1.3|  0.1|STATS |Storing feature(s) to FME feature store file `C:\Users\mmiller\AppData\Local\Temp\wb-cache-energov-orgZut\Main_FeatureMerger_4 -1 29 fo 1 UNMERGED_REQUESTOR  0  84036d8e957959a4a16d794484b7645600bb5424.ffsupdating'
2022-06-13 15:45:58|   1.3|  0.0|INFORM|FFS writer: Writing 4856 feature(s) to file 'C:\Users\mmiller\AppData\Local\Temp\wb-cache-energov-orgZut\Main_FeatureMerger_4 -1 29 fo 1 UNMERGED_REQUESTOR  0  84036d8e957959a4a16d794484b7645600bb5424.fts'
2022-06-13 15:45:58|   1.3|  0.0|STATS |Storing feature(s) to FME feature store file `C:\Users\mmiller\AppData\Local\Temp\wb-cache-energov-orgZut\Main_FeatureMerger_4 -1 29 fo 2 USED_SUPPLIER  0  bbfe2e46331380deef62e66b96e01aad3074637a.ffsupdating'
2022-06-13 15:45:59|   2.9|  1.6|STATS |FeatureMerger_4 (ReferenceFactory): Total Results: 45562 Complete Feature(s), 4856 Incomplete Feature(s), 45275 Referenced Feature(s), 0 Unreferenced Feature(s), 0 Referencer Feature(s) (NO REFERENCES), 0 Referencee Feature(s) (NO Referencee fields defined), and 385 Duplicate Referencee Feature(s)
2022-06-13 15:45:59|   2.9|  0.0|STATS |Stored 385 feature(s) to FME feature store file `C:\Users\mmiller\AppData\Local\Temp\wb-cache-energov-orgZut\Main_FeatureMerger_4 -1 29 fo 4 _lt_REJECTED_gt_  0  9aca363af7a1adb74655fad85d8c32df5a69718e.ffsupdating'
2022-06-13 15:45:59|   2.9|  0.0|INFORM|Saving spatial index into file 'C:\Users\mmiller\AppData\Local\Temp\wb-cache-energov-orgZut\Main_FeatureMerger_4 -1 29 fo 4 _lt_REJECTED_gt_  0  9aca363af7a1adb74655fad85d8c32df5a69718e.fsi'
2022-06-13 15:45:59|   2.9|  0.0|INFORM|Finished saving spatial index into file 'C:\Users\mmiller\AppData\Local\Temp\wb-cache-energov-orgZut\Main_FeatureMerger_4 -1 29 fo 4 _lt_REJECTED_gt_  0  9aca363af7a1adb74655fad85d8c32df5a69718e.fsi'
2022-06-13 15:45:59|   2.9|  0.0|STATS |Stored 1 feature(s) to FME feature store file `C:\Users\mmiller\AppData\Local\Temp\wb-cache-energov-orgZut\Main_FeatureMerger_4 -1 29 fo 0 MERGED  0  ad415c585facc48a8cdc09611f378c4b7e866dd2.ffsupdating'
2022-06-13 15:45:59|   2.9|  0.0|INFORM|Saving spatial index into file 'C:\Users\mmiller\AppData\Local\Temp\wb-cache-energov-orgZut\Main_FeatureMerger_4 -1 29 fo 0 MERGED  0  ad415c585facc48a8cdc09611f378c4b7e866dd2.fsi'
2022-06-13 15:45:59|   2.9|  0.0|INFORM|Finished saving spatial index into file 'C:\Users\mmiller\AppData\Local\Temp\wb-cache-energov-orgZut\Main_FeatureMerger_4 -1 29 fo 0 MERGED  0  ad415c585facc48a8cdc09611f378c4b7e866dd2.fsi'
2022-06-13 15:45:59|   2.9|  0.0|STATS |Stored 1 feature(s) to FME feature store file `C:\Users\mmiller\AppData\Local\Temp\wb-cache-energov-orgZut\Main_FeatureMerger_4 -1 29 fo 1 UNMERGED_REQUESTOR  0  84036d8e957959a4a16d794484b7645600bb5424.ffsupdating'
2022-06-13 15:45:59|   2.9|  0.0|INFORM|Saving spatial index into file 'C:\Users\mmiller\AppData\Local\Temp\wb-cache-energov-orgZut\Main_FeatureMerger_4 -1 29 fo 1 UNMERGED_REQUESTOR  0  84036d8e957959a4a16d794484b7645600bb5424.fsi'
2022-06-13 15:45:59|   2.9|  0.0|INFORM|Finished saving spatial index into file 'C:\Users\mmiller\AppData\Local\Temp\wb-cache-energov-orgZut\Main_FeatureMerger_4 -1 29 fo 1 UNMERGED_REQUESTOR  0  84036d8e957959a4a16d794484b7645600bb5424.fsi'
2022-06-13 15:45:59|   2.9|  0.0|STATS |Stored 45275 feature(s) to FME feature store file `C:\Users\mmiller\AppData\Local\Temp\wb-cache-energov-orgZut\Main_FeatureMerger_4 -1 29 fo 2 USED_SUPPLIER  0  bbfe2e46331380deef62e66b96e01aad3074637a.ffsupdating'
2022-06-13 15:45:59|   2.9|  0.0|INFORM|Saving spatial index into file 'C:\Users\mmiller\AppData\Local\Temp\wb-cache-energov-orgZut\Main_FeatureMerger_4 -1 29 fo 2 USED_SUPPLIER  0  bbfe2e46331380deef62e66b96e01aad3074637a.fsi'
2022-06-13 15:45:59|   2.9|  0.0|INFORM|Finished saving spatial index into file 'C:\Users\mmiller\AppData\Local\Temp\wb-cache-energov-orgZut\Main_FeatureMerger_4 -1 29 fo 2 USED_SUPPLIER  0  bbfe2e46331380deef62e66b96e01aad3074637a.fsi'
2022-06-13 15:45:59|   2.9|  0.0|STATS |FeatureMerger_4_MERGED Feature Counter -1 2147614749 (TeeFactory): Cloned 45562 input feature(s) into 0 output feature(s)
2022-06-13 15:45:59|   2.9|  0.0|STATS |FeatureMerger_4_UNMERGED_REQUESTOR Feature Counter -1 2147680285 (TeeFactory): Cloned 4856 input feature(s) into 0 output feature(s)
2022-06-13 15:45:59|   2.9|  0.0|STATS |FeatureMerger_4_USED_SUPPLIER Feature Counter -1 2147745821 (TeeFactory): Cloned 45275 input feature(s) into 0 output feature(s)
2022-06-13 15:45:59|   2.9|  0.0|STATS |FeatureMerger_4_UNUSED_SUPPLIER Feature Counter -1 2147811357 (TeeFactory): Cloned 0 input feature(s) into 0 output feature(s)
2022-06-13 15:45:59|   2.9|  0.0|STATS |FeatureMerger_4_<REJECTED> Feature Counter -1 2147876893 (TeeFactory): Cloned 385 input feature(s) into 0 output feature(s)
2022-06-13 15:45:59|   2.9|  0.0|STATS |Destination Feature Type Routing Correlator (RoutingFactory): Tested 0 input feature(s), wrote 0 output feature(s): 0 matched merge filters, 0 were routed to output, 0 could not be routed.
2022-06-13 15:45:59|   2.9|  0.0|STATS |Final Output Nuker (TeeFactory): Cloned 0 input feature(s) into 0 output feature(s)
2022-06-13 15:45:59|   2.9|  0.0|STATS |=-=-=-=-=-=-=-=-=-=-=-=-=-=-=-=-=-=-=-=-=-=-=-=-=-=-=-=-=-=-=-=-=-=-=-=-=-=-=-
2022-06-13 15:45:59|   2.9|  0.0|STATS |                            Features Read Summary
2022-06-13 15:45:59|   2.9|  0.0|STATS |=-=-=-=-=-=-=-=-=-=-=-=-=-=-=-=-=-=-=-=-=-=-=-=-=-=-=-=-=-=-=-=-=-=-=-=-=-=-=-
2022-06-13 15:45:59|   2.9|  0.0|STATS |==============================================================================
2022-06-13 15:45:59|   2.9|  0.0|STATS |Total Features Read                                                          0
2022-06-13 15:45:59|   2.9|  0.0|STATS |=-=-=-=-=-=-=-=-=-=-=-=-=-=-=-=-=-=-=-=-=-=-=-=-=-=-=-=-=-=-=-=-=-=-=-=-=-=-=-
2022-06-13 15:45:59|   2.9|  0.0|STATS |=-=-=-=-=-=-=-=-=-=-=-=-=-=-=-=-=-=-=-=-=-=-=-=-=-=-=-=-=-=-=-=-=-=-=-=-=-=-=-
2022-06-13 15:45:59|   2.9|  0.0|STATS |                           Features Written Summary
2022-06-13 15:45:59|   2.9|  0.0|STATS |=-=-=-=-=-=-=-=-=-=-=-=-=-=-=-=-=-=-=-=-=-=-=-=-=-=-=-=-=-=-=-=-=-=-=-=-=-=-=-
2022-06-13 15:45:59|   2.9|  0.0|STATS |==============================================================================
2022-06-13 15:45:59|   2.9|  0.0|STATS |Total Features Written                                                       0
2022-06-13 15:45:59|   2.9|  0.0|STATS |=-=-=-=-=-=-=-=-=-=-=-=-=-=-=-=-=-=-=-=-=-=-=-=-=-=-=-=-=-=-=-=-=-=-=-=-=-=-=-
2022-06-13 15:45:59|   2.9|  0.0|WARN  |-~-~-~-~-~-~-~-~-~-~-~-~-~-~-~-~-~-~-~-~-~-~-~-~-~-~-~-~-~-~-~-~-~-~-~-~-~-~-~-~-
2022-06-13 15:45:59|   2.9|  0.0|WARN  |-~                                                                             ~-
2022-06-13 15:45:59|   2.9|  0.0|WARN  |-~    Feature caches have been recorded at every stage of the translation.     ~-
2022-06-13 15:45:59|   2.9|  0.0|WARN  |-~                      To inspect the recorded features,                      ~-
2022-06-13 15:45:59|   2.9|  0.0|WARN  |-~              click the feature cache icons next to the ports.               ~-
2022-06-13 15:45:59|   2.9|  0.0|WARN  |-~                                                                             ~-
2022-06-13 15:45:59|   2.9|  0.0|WARN  |-~-~-~-~-~-~-~-~-~-~-~-~-~-~-~-~-~-~-~-~-~-~-~-~-~-~-~-~-~-~-~-~-~-~-~-~-~-~-~-~-
2022-06-13 15:45:59|   2.9|  0.0|INFORM|Translation was SUCCESSFUL with 7 warning(s) (0 feature(s) output)
2022-06-13 15:45:59|   2.9|  0.0|INFORM|FME Session Duration: 3.1 seconds. (CPU: 2.4s user, 0.5s system)
2022-06-13 15:45:59|   2.9|  0.0|INFORM|END - ProcessID: 29140, peak process memory usage: 370360 kB, current process memory usage: 74772 kB
