2022-07-05 15:49:29|   0.0|  0.0|INFORM|Current FME version: FME 2022.0.0.2 (20220518 - Build 22343 - WIN64)
2022-07-05 15:49:29|   0.0|  0.0|INFORM|FME_HOME is 'C:\Program Files\FME\'
2022-07-05 15:49:29|   0.0|  0.0|INFORM|FME ESRI Edition (node locked-crc)
2022-07-05 15:49:29|   0.0|  0.0|INFORM|Serial Number: 6URQ-GKNX-223T
2022-07-05 15:49:29|   0.0|  0.0|INFORM|Temporary License: 15 days left.
2022-07-05 15:49:29|   0.0|  0.0|INFORM|Machine host name is: 1-12504
2022-07-05 15:49:29|   0.0|  0.0|INFORM|OS Locale Name     : en_US
2022-07-05 15:49:29|   0.0|  0.0|INFORM|OS Locale Encoding : windows-1252
2022-07-05 15:49:29|   0.0|  0.0|INFORM|Process Encoding   : UTF-8
2022-07-05 15:49:29|   0.0|  0.0|INFORM|FME Configuration: FME_BASE is 'no'
2022-07-05 15:49:29|   0.0|  0.0|INFORM|FME Configuration: FME_MF_DIR is 'C:\Users\mmiller\OneDrive - City of Waco Texas\Documents\FME\Workspaces/'
2022-07-05 15:49:29|   0.0|  0.0|INFORM|FME Configuration: FME_MF_NAME is 'energov2.fmw'
2022-07-05 15:49:29|   0.0|  0.0|INFORM|FME Configuration: FME_PRODUCT_NAME is 'FME(R) 2022.0.0.2'
2022-07-05 15:49:29|   0.0|  0.0|INFORM|Operating System: Microsoft Windows 10 64-bit  (Build 19044)
2022-07-05 15:49:29|   0.0|  0.0|INFORM|FME Platform: WIN64
2022-07-05 15:49:29|   0.0|  0.0|INFORM|System Status: 683.87 GB of disk space available in the FME temporary folder (C:\Users\mmiller\AppData\Local\Temp\wbrun_1657053907263_18176\fmetmp_2)
2022-07-05 15:49:29|   0.0|  0.0|INFORM|System Status: 63.69 GB of physical memory available
2022-07-05 15:49:29|   0.0|  0.0|INFORM|System Status: 254.76 GB of virtual memory available
2022-07-05 15:49:29|   0.0|  0.0|INFORM|START - ProcessID: 17068, peak process memory usage: 70924 kB, current process memory usage: 70924 kB
2022-07-05 15:49:29|   0.0|  0.0|INFORM|FME Configuration: Command line arguments are `C:\Program Files\FME\fme.exe' `C:/Users/mmiller/OneDrive - City of Waco Texas/Documents/FME/Workspaces\wb-xlate-1657054168476_18176' `LOG_STANDARDOUT' `YES' `LOG_TIMINGS' `YES' `LogCountServerName' `56976' `LOG_STANDARDOUT' `No' `WORKBENCH_LOG_SERVER' `56970'
2022-07-05 15:49:29|   0.0|  0.0|INFORM|FME Configuration: Connection Storage: 'C:\Users\mmiller\AppData\Roaming\Safe Software\FME\'
2022-07-05 15:49:30|   0.0|  0.0|INFORM|Shared folders for formats are : C:\Program Files\FME\datasources;C:\Users\mmiller\OneDrive - City of Waco Texas\Documents\FME\Formats
2022-07-05 15:49:30|   0.0|  0.0|INFORM|Shared folders for transformers are : C:\Users\mmiller\AppData\Roaming\Safe Software\FME\Packages\22343-win64\transformers;C:\Program Files\FME\transformers;C:\Users\mmiller\AppData\Roaming\Safe Software\FME\FME Store\Transformers
2022-07-05 15:49:30|   0.0|  0.0|INFORM|Shared folders for coordinate systems are : C:\Users\mmiller\OneDrive - City of Waco Texas\Documents\FME\CoordinateSystems
2022-07-05 15:49:30|   0.0|  0.0|INFORM|Shared folders for coordinate system exceptions are : C:\Users\mmiller\OneDrive - City of Waco Texas\Documents\FME\CoordinateSystemExceptions
2022-07-05 15:49:30|   0.0|  0.0|INFORM|Shared folders for coordinate system grid overrides are : C:\Users\mmiller\OneDrive - City of Waco Texas\Documents\FME\CoordinateSystemGridOverrides
2022-07-05 15:49:30|   0.0|  0.0|INFORM|Shared folders for CS-MAP transformation exceptions are : C:\Users\mmiller\OneDrive - City of Waco Texas\Documents\FME\CsmapTransformationExceptions
2022-07-05 15:49:30|   0.0|  0.0|INFORM|Shared folders for transformer categories are : C:\Users\mmiller\OneDrive - City of Waco Texas\Documents\FME\TransformerCategories
2022-07-05 15:49:30|   0.0|  0.0|INFORM|FME Configuration: Reader Keyword is `MULTI_READER'
2022-07-05 15:49:30|   0.0|  0.0|INFORM|FME Configuration: Writer Keyword is `MULTI_WRITER'
2022-07-05 15:49:30|   0.0|  0.0|INFORM|FME Configuration: Writer Group Definition Keyword is `MULTI_WRITER_DEF'
2022-07-05 15:49:30|   0.0|  0.0|INFORM|FME Configuration: Reader type is `MULTI_READER'
2022-07-05 15:49:30|   0.0|  0.0|INFORM|FME Configuration: Writer type is `MULTI_WRITER'
2022-07-05 15:49:30|   0.0|  0.0|INFORM|FME Configuration: No destination coordinate system set
2022-07-05 15:49:30|   0.0|  0.0|INFORM|FME Configuration: Current working folder is `C:\Users\mmiller\OneDrive - City of Waco Texas\Documents\FME\Workspaces'
2022-07-05 15:49:30|   0.0|  0.0|INFORM|FME Configuration: Temporary folder is `C:\Users\mmiller\AppData\Local\Temp\wbrun_1657053907263_18176\fmetmp_2', set from environment variable `FME_TEMP'
2022-07-05 15:49:30|   0.0|  0.0|INFORM|FME Configuration: Cache folder is 'C:\Users\mmiller\AppData\Local\Temp'
2022-07-05 15:49:30|   0.0|  0.0|INFORM|FME Configuration: FME_HOME is `C:\Program Files\FME\'
2022-07-05 15:49:30|   0.0|  0.0|INFORM|FME Configuration: Start freeing memory when the process exceeds 191.07 GB
2022-07-05 15:49:30|   0.0|  0.0|INFORM|FME Configuration: Stop freeing memory when the process is below 143.30 GB
2022-07-05 15:49:30|   0.0|  0.0|INFORM|Creating writer for format: 
2022-07-05 15:49:30|   0.0|  0.0|INFORM|Creating reader for format: 
2022-07-05 15:49:30|   0.0|  0.0|INFORM|MULTI_READER(MULTI_READER): Will fail with first member reader failure
2022-07-05 15:49:30|   0.0|  0.0|INFORM|Using Multi Reader with keyword `MULTI_READER' to read multiple datasets
2022-07-05 15:49:30|   0.0|  0.0|INFORM|Using MultiWriter with keyword `MULTI_WRITER' to output data (ID_ATTRIBUTE is `multi_writer_id')
2022-07-05 15:49:30|   0.0|  0.0|INFORM|Writer output will be ordered by value of multi_writer_id
2022-07-05 15:49:30|   0.0|  0.0|INFORM|Loaded module 'LogCount_func' from file 'C:\Program Files\FME\plugins/LogCount_func.dll'
2022-07-05 15:49:30|   0.0|  0.0|INFORM|FME API version of module 'LogCount_func' matches current internal version (4.0 20220317)
2022-07-05 15:49:30|   0.0|  0.0|INFORM|Emptying factory pipeline
2022-07-05 15:49:30|   0.0|  0.0|STATS |Router and Unexpected Input Remover (RoutingFactory): Tested 0 input feature(s), wrote 0 output feature(s): 0 matched merge filters, 0 were routed to output, 0 could not be routed.
2022-07-05 15:49:30|   0.0|  0.0|STATS |Unexpected Input Remover Nuker (TeeFactory): Cloned 0 input feature(s) into 0 output feature(s)
2022-07-05 15:49:30|   0.0|  0.0|STATS |data.PARCELTAXROLL_MSSQL_SPATIAL_1 Splitter (TeeFactory): Cloned 0 input feature(s) into 0 output feature(s)
2022-07-05 15:49:30|   0.0|  0.0|STATS |dbo.MAILINGADDRESS_MSSQL_JDBC_NONSPATIAL_2_1 Splitter (TeeFactory): Cloned 0 input feature(s) into 0 output feature(s)
2022-07-05 15:49:30|   0.0|  0.0|STATS |dbo.PMPERMIT_MSSQL_JDBC_NONSPATIAL_2_1 Splitter (TeeFactory): Cloned 0 input feature(s) into 0 output feature(s)
2022-07-05 15:49:30|   0.0|  0.0|STATS |dbo.PMPERMITADDRESS_MSSQL_JDBC_NONSPATIAL_2_1 Splitter (TeeFactory): Cloned 0 input feature(s) into 0 output feature(s)
2022-07-05 15:49:30|   0.0|  0.0|STATS |dbo.PMPERMITPARCEL_MSSQL_JDBC_NONSPATIAL_2_1 Splitter (TeeFactory): Cloned 0 input feature(s) into 0 output feature(s)
2022-07-05 15:49:30|   0.0|  0.0|STATS |dbo.PMPERMITSTATUS_MSSQL_JDBC_NONSPATIAL_2_1 Splitter (TeeFactory): Cloned 0 input feature(s) into 0 output feature(s)
2022-07-05 15:49:30|   0.0|  0.0|STATS |data.WACOCITYLIMITS_MSSQL_SPATIAL_2 Splitter (TeeFactory): Cloned 0 input feature(s) into 0 output feature(s)
2022-07-05 15:49:30|   0.0|  0.0|STATS |permitPointsTrim_ARCGISONLINEFEATURES_1 Splitter (TeeFactory): Cloned 0 input feature(s) into 0 output feature(s)
2022-07-05 15:49:30|   0.0|  0.0|STATS |Restoring 31823 feature(s) from FME feature store file `C:\Users\mmiller\AppData\Local\Temp\wb-cache-energov2-FnIIiU\Main_SpatialFilter -1 54 fo 0 PASSED  0  a59079acc44fabb6179eb34d4f8040ee7c483a81.ffs'
2022-07-05 15:49:30|   0.0|  0.0|STATS |Storing feature(s) to FME feature store file `C:\Users\mmiller\AppData\Local\Temp\wb-cache-energov2-FnIIiU\Main_Tester -1 44 fo 1 FAILED  0  3c51ea102e764cf935374ae55fe0b48dcf22d7be.ffsupdating'
2022-07-05 15:49:30|   0.0|  0.0|STATS |Storing feature(s) to FME feature store file `C:\Users\mmiller\AppData\Local\Temp\wb-cache-energov2-FnIIiU\Main_Tester -1 44 fo 0 PASSED  0  394331e7a87febe6e3212467c23e020b904841dd.ffsupdating'
2022-07-05 15:49:35|   5.1|  5.1|INFORM|SpatialFilter_PASSED_-1_45_Player (RecorderFactory): Playing back feature 22000
2022-07-05 15:49:37|   7.3|  2.2|INFORM|SpatialFilter_PASSED_-1_45_Player (RecorderFactory): Played back 31823 feature(s) from file `C:\Users\mmiller\AppData\Local\Temp\wb-cache-energov2-FnIIiU\Main_SpatialFilter -1 54 fo 0 PASSED  0  a59079acc44fabb6179eb34d4f8040ee7c483a81.ffs'
2022-07-05 15:49:37|   7.3|  0.0|STATS |Tester (TestFactory): Tested 31823 input feature(s) -- 25460 feature(s) passed and 6363 feature(s) failed
2022-07-05 15:49:37|   7.3|  0.0|STATS |Stored 6363 feature(s) to FME feature store file `C:\Users\mmiller\AppData\Local\Temp\wb-cache-energov2-FnIIiU\Main_Tester -1 44 fo 1 FAILED  0  3c51ea102e764cf935374ae55fe0b48dcf22d7be.ffsupdating'
2022-07-05 15:49:37|   7.3|  0.0|INFORM|Saving spatial index into file 'C:\Users\mmiller\AppData\Local\Temp\wb-cache-energov2-FnIIiU\Main_Tester -1 44 fo 1 FAILED  0  3c51ea102e764cf935374ae55fe0b48dcf22d7be.fsi'
2022-07-05 15:49:37|   7.3|  0.0|INFORM|Finished saving spatial index into file 'C:\Users\mmiller\AppData\Local\Temp\wb-cache-energov2-FnIIiU\Main_Tester -1 44 fo 1 FAILED  0  3c51ea102e764cf935374ae55fe0b48dcf22d7be.fsi'
2022-07-05 15:49:37|   7.3|  0.0|STATS |Stored 25460 feature(s) to FME feature store file `C:\Users\mmiller\AppData\Local\Temp\wb-cache-energov2-FnIIiU\Main_Tester -1 44 fo 0 PASSED  0  394331e7a87febe6e3212467c23e020b904841dd.ffsupdating'
2022-07-05 15:49:37|   7.3|  0.0|INFORM|Saving spatial index into file 'C:\Users\mmiller\AppData\Local\Temp\wb-cache-energov2-FnIIiU\Main_Tester -1 44 fo 0 PASSED  0  394331e7a87febe6e3212467c23e020b904841dd.fsi'
2022-07-05 15:49:37|   7.3|  0.0|INFORM|Finished saving spatial index into file 'C:\Users\mmiller\AppData\Local\Temp\wb-cache-energov2-FnIIiU\Main_Tester -1 44 fo 0 PASSED  0  394331e7a87febe6e3212467c23e020b904841dd.fsi'
2022-07-05 15:49:37|   7.3|  0.0|STATS |Tester_PASSED Feature Counter -1 52 (TeeFactory): Cloned 25460 input feature(s) into 25460 output feature(s)
2022-07-05 15:49:37|   7.3|  0.0|STATS |Tester_FAILED Feature Counter -1 2147680300 (TeeFactory): Cloned 6363 input feature(s) into 0 output feature(s)
2022-07-05 15:49:37|   7.3|  0.0|STATS |Destination Feature Type Routing Correlator (RoutingFactory): Tested 25460 input feature(s), wrote 25460 output feature(s): 0 matched merge filters, 0 were routed to output, 25460 could not be routed.
2022-07-05 15:49:37|   7.3|  0.0|STATS |Final Output Nuker (TeeFactory): Cloned 25460 input feature(s) into 0 output feature(s)
2022-07-05 15:49:37|   7.3|  0.0|WARN  |=-=-=-=-=-=-=-=-=-=-=-=-=-=-=-=-=-=-=-=-=-=-=-=-=-=-=-=-=-=-=-=-=-=-=-=-=-=-=-
2022-07-05 15:49:37|   7.3|  0.0|WARN  |      Features not written - verify feature type fanout/dynamic settings
2022-07-05 15:49:37|   7.3|  0.0|WARN  |=-=-=-=-=-=-=-=-=-=-=-=-=-=-=-=-=-=-=-=-=-=-=-=-=-=-=-=-=-=-=-=-=-=-=-=-=-=-=-
2022-07-05 15:49:37|   7.3|  0.0|WARN  |  (Check that fanout/dynamic feature type attribute exists and has a value)
2022-07-05 15:49:37|   7.3|  0.0|WARN  |=-=-=-=-=-=-=-=-=-=-=-=-=-=-=-=-=-=-=-=-=-=-=-=-=-=-=-=-=-=-=-=-=-=-=-=-=-=-=-
2022-07-05 15:49:37|   7.3|  0.0|WARN  |                                                                         25460
2022-07-05 15:49:37|   7.3|  0.0|WARN  |==============================================================================
2022-07-05 15:49:37|   7.3|  0.0|WARN  |Total features not written                                               25460
2022-07-05 15:49:37|   7.3|  0.0|WARN  |=-=-=-=-=-=-=-=-=-=-=-=-=-=-=-=-=-=-=-=-=-=-=-=-=-=-=-=-=-=-=-=-=-=-=-=-=-=-=-
2022-07-05 15:49:37|   7.3|  0.0|STATS |=-=-=-=-=-=-=-=-=-=-=-=-=-=-=-=-=-=-=-=-=-=-=-=-=-=-=-=-=-=-=-=-=-=-=-=-=-=-=-
2022-07-05 15:49:37|   7.3|  0.0|STATS |                            Features Read Summary
2022-07-05 15:49:37|   7.3|  0.0|STATS |=-=-=-=-=-=-=-=-=-=-=-=-=-=-=-=-=-=-=-=-=-=-=-=-=-=-=-=-=-=-=-=-=-=-=-=-=-=-=-
2022-07-05 15:49:37|   7.3|  0.0|STATS |==============================================================================
2022-07-05 15:49:37|   7.3|  0.0|STATS |Total Features Read                                                          0
2022-07-05 15:49:37|   7.3|  0.0|STATS |=-=-=-=-=-=-=-=-=-=-=-=-=-=-=-=-=-=-=-=-=-=-=-=-=-=-=-=-=-=-=-=-=-=-=-=-=-=-=-
2022-07-05 15:49:37|   7.3|  0.0|STATS |=-=-=-=-=-=-=-=-=-=-=-=-=-=-=-=-=-=-=-=-=-=-=-=-=-=-=-=-=-=-=-=-=-=-=-=-=-=-=-
2022-07-05 15:49:37|   7.3|  0.0|STATS |                           Features Written Summary
2022-07-05 15:49:37|   7.3|  0.0|STATS |=-=-=-=-=-=-=-=-=-=-=-=-=-=-=-=-=-=-=-=-=-=-=-=-=-=-=-=-=-=-=-=-=-=-=-=-=-=-=-
2022-07-05 15:49:37|   7.3|  0.0|STATS |==============================================================================
2022-07-05 15:49:37|   7.3|  0.0|STATS |Total Features Written                                                       0
2022-07-05 15:49:37|   7.3|  0.0|STATS |=-=-=-=-=-=-=-=-=-=-=-=-=-=-=-=-=-=-=-=-=-=-=-=-=-=-=-=-=-=-=-=-=-=-=-=-=-=-=-
2022-07-05 15:49:37|   7.3|  0.0|WARN  |-~-~-~-~-~-~-~-~-~-~-~-~-~-~-~-~-~-~-~-~-~-~-~-~-~-~-~-~-~-~-~-~-~-~-~-~-~-~-~-~-
2022-07-05 15:49:37|   7.3|  0.0|WARN  |-~                                                                             ~-
2022-07-05 15:49:37|   7.3|  0.0|WARN  |-~    Feature caches have been recorded at every stage of the translation.     ~-
2022-07-05 15:49:37|   7.3|  0.0|WARN  |-~                      To inspect the recorded features,                      ~-
2022-07-05 15:49:37|   7.3|  0.0|WARN  |-~              click the feature cache icons next to the ports.               ~-
2022-07-05 15:49:37|   7.3|  0.0|WARN  |-~                                                                             ~-
2022-07-05 15:49:37|   7.3|  0.0|WARN  |-~-~-~-~-~-~-~-~-~-~-~-~-~-~-~-~-~-~-~-~-~-~-~-~-~-~-~-~-~-~-~-~-~-~-~-~-~-~-~-~-
2022-07-05 15:49:37|   7.3|  0.0|INFORM|Translation was SUCCESSFUL with 16 warning(s) (0 feature(s) output)
2022-07-05 15:49:37|   7.3|  0.0|INFORM|FME Session Duration: 7.5 seconds. (CPU: 6.5s user, 0.8s system)
2022-07-05 15:49:37|   7.3|  0.0|INFORM|END - ProcessID: 17068, peak process memory usage: 79800 kB, current process memory usage: 79744 kB
