2022-06-29 09:57:25|   0.0|  0.0|INFORM|Current FME version: FME 2022.0.0.1 (20220505 - Build 22339 - WIN64)
2022-06-29 09:57:25|   0.0|  0.0|INFORM|FME_HOME is 'C:\Program Files\FME\'
2022-06-29 09:57:25|   0.0|  0.0|INFORM|FME ESRI Edition (node locked-crc)
2022-06-29 09:57:25|   0.0|  0.0|INFORM|Serial Number: 6URQ-GKNX-223T
2022-06-29 09:57:25|   0.0|  0.0|INFORM|Temporary License: 21 days left.
2022-06-29 09:57:25|   0.0|  0.0|INFORM|Machine host name is: 1-12504
2022-06-29 09:57:25|   0.0|  0.0|INFORM|OS Locale Name     : en_US
2022-06-29 09:57:25|   0.0|  0.0|INFORM|OS Locale Encoding : windows-1252
2022-06-29 09:57:25|   0.0|  0.0|INFORM|Process Encoding   : UTF-8
2022-06-29 09:57:25|   0.0|  0.0|INFORM|FME Configuration: FME_BASE is 'no'
2022-06-29 09:57:25|   0.0|  0.0|INFORM|FME Configuration: FME_MF_DIR is 'C:\Users\mmiller\OneDrive - City of Waco Texas\Documents\FME\Workspaces/'
2022-06-29 09:57:25|   0.0|  0.0|INFORM|FME Configuration: FME_MF_NAME is 'PDUpdater.fmw'
2022-06-29 09:57:25|   0.0|  0.0|INFORM|FME Configuration: FME_PRODUCT_NAME is 'FME(R) 2022.0.0.1'
2022-06-29 09:57:25|   0.0|  0.0|INFORM|Operating System: Microsoft Windows 10 64-bit  (Build 19044)
2022-06-29 09:57:25|   0.0|  0.0|INFORM|FME Platform: WIN64
2022-06-29 09:57:25|   0.0|  0.0|INFORM|System Status: 701.84 GB of disk space available in the FME temporary folder (C:\Users\mmiller\AppData\Local\Temp\wbrun_1656514630280_28200\fmetmp_0)
2022-06-29 09:57:25|   0.0|  0.0|INFORM|System Status: 63.69 GB of physical memory available
2022-06-29 09:57:25|   0.0|  0.0|INFORM|System Status: 254.76 GB of virtual memory available
2022-06-29 09:57:25|   0.0|  0.0|INFORM|START - ProcessID: 32508, peak process memory usage: 72192 kB, current process memory usage: 72192 kB
2022-06-29 09:57:25|   0.0|  0.0|INFORM|FME Configuration: Command line arguments are `C:\Program Files\FME\fme.exe' `C:/Users/mmiller/OneDrive - City of Waco Texas/Documents/FME/Workspaces\wb-xlate-1656514642291_28200' `LOG_STANDARDOUT' `YES' `LOG_TIMINGS' `YES' `LogCountServerName' `64087' `LOG_STANDARDOUT' `No' `WORKBENCH_LOG_SERVER' `64085'
2022-06-29 09:57:25|   0.0|  0.0|INFORM|FME Configuration: Connection Storage: 'C:\Users\mmiller\AppData\Roaming\Safe Software\FME\'
2022-06-29 09:57:25|   0.0|  0.0|INFORM|Shared folders for formats are : C:\Program Files\FME\datasources;C:\Users\mmiller\OneDrive - City of Waco Texas\Documents\FME\Formats
2022-06-29 09:57:25|   0.0|  0.0|INFORM|Shared folders for transformers are : C:\Users\mmiller\AppData\Roaming\Safe Software\FME\Packages\22339-win64\transformers;C:\Program Files\FME\transformers;C:\Users\mmiller\AppData\Roaming\Safe Software\FME\FME Store\Transformers
2022-06-29 09:57:25|   0.0|  0.0|INFORM|Shared folders for coordinate systems are : C:\Users\mmiller\OneDrive - City of Waco Texas\Documents\FME\CoordinateSystems
2022-06-29 09:57:25|   0.0|  0.0|INFORM|Shared folders for coordinate system exceptions are : C:\Users\mmiller\OneDrive - City of Waco Texas\Documents\FME\CoordinateSystemExceptions
2022-06-29 09:57:25|   0.0|  0.0|INFORM|Shared folders for coordinate system grid overrides are : C:\Users\mmiller\OneDrive - City of Waco Texas\Documents\FME\CoordinateSystemGridOverrides
2022-06-29 09:57:25|   0.0|  0.0|INFORM|Shared folders for CS-MAP transformation exceptions are : C:\Users\mmiller\OneDrive - City of Waco Texas\Documents\FME\CsmapTransformationExceptions
2022-06-29 09:57:25|   0.0|  0.0|INFORM|Shared folders for transformer categories are : C:\Users\mmiller\OneDrive - City of Waco Texas\Documents\FME\TransformerCategories
2022-06-29 09:57:25|   0.0|  0.0|INFORM|FME Configuration: Reader Keyword is `MULTI_READER'
2022-06-29 09:57:25|   0.0|  0.0|INFORM|FME Configuration: Writer Keyword is `MULTI_WRITER'
2022-06-29 09:57:25|   0.0|  0.0|INFORM|FME Configuration: Writer Group Definition Keyword is `MULTI_WRITER_DEF'
2022-06-29 09:57:25|   0.0|  0.0|INFORM|FME Configuration: Reader type is `MULTI_READER'
2022-06-29 09:57:25|   0.0|  0.0|INFORM|FME Configuration: Writer type is `MULTI_WRITER'
2022-06-29 09:57:25|   0.0|  0.0|INFORM|FME Configuration: No destination coordinate system set
2022-06-29 09:57:25|   0.0|  0.0|INFORM|FME Configuration: Current working folder is `C:\Users\mmiller\OneDrive - City of Waco Texas\Documents\FME\Workspaces'
2022-06-29 09:57:25|   0.0|  0.0|INFORM|FME Configuration: Temporary folder is `C:\Users\mmiller\AppData\Local\Temp\wbrun_1656514630280_28200\fmetmp_0', set from environment variable `FME_TEMP'
2022-06-29 09:57:25|   0.0|  0.0|INFORM|FME Configuration: Cache folder is 'C:\Users\mmiller\AppData\Local\Temp'
2022-06-29 09:57:25|   0.0|  0.0|INFORM|FME Configuration: FME_HOME is `C:\Program Files\FME\'
2022-06-29 09:57:25|   0.0|  0.0|INFORM|FME Configuration: Start freeing memory when the process exceeds 191.07 GB
2022-06-29 09:57:25|   0.0|  0.0|INFORM|FME Configuration: Stop freeing memory when the process is below 143.30 GB
2022-06-29 09:57:25|   0.0|  0.0|INFORM|Creating writer for format: 
2022-06-29 09:57:25|   0.0|  0.0|INFORM|Creating reader for format: 
2022-06-29 09:57:25|   0.0|  0.0|INFORM|MULTI_READER(MULTI_READER): Will fail with first member reader failure
2022-06-29 09:57:25|   0.0|  0.0|INFORM|MULTI_READER(MULTI_READER): Adding ARCGISONLINEFEATURES Reader with keyword ARCGISONLINEFEATURES_1
2022-06-29 09:57:25|   0.0|  0.0|INFORM|MULTI_READER(MULTI_READER): Adding GEODATABASE_FILE Reader with keyword GEODATABASE_FILE_1
2022-06-29 09:57:25|   0.0|  0.0|INFORM|Using Multi Reader with keyword `MULTI_READER' to read multiple datasets
2022-06-29 09:57:25|   0.1|  0.1|INFORM|Creating reader for format: Esri ArcGIS Online (AGOL) Feature Service
2022-06-29 09:57:25|   0.1|  0.0|INFORM|Trying to find a PYTHON plugin for reader named `ARCGISONLINEFEATURES'
2022-06-29 09:57:25|   0.1|  0.0|INFORM|The workspace does not contain user Python. FME will attempt to use a Python 3.9+ interpreter
2022-06-29 09:57:25|   0.1|  0.0|INFORM|Using Python interpreter from `C:\Program Files\FME\fmepython39\python39.dll' with PYTHONHOME `C:\Program Files\FME\fmepython39'
2022-06-29 09:57:25|   0.1|  0.0|INFORM|Python version 3.9 loaded successfully
2022-06-29 09:57:25|   0.2|  0.1|INFORM|Loaded Python module `arcgisonlinefeatures' from file `C:\Program Files\FME\python\python39\arcgisonlinefeatures\__init__.pyc'
2022-06-29 09:57:25|   0.4|  0.2|INFORM|Updating access token for 'mmiller Esri ArcGIS Online'
2022-06-29 09:57:26|   0.4|  0.0|INFORM|ArcGIS Online Feature Service Reader: Requesting portal information
2022-06-29 09:57:26|   0.5|  0.1|INFORM|ArcGIS Online Feature Service Reader: Getting item with ID '1f7a28a68ccb40ffbf1fdba3f33c23d5'
2022-06-29 09:57:26|   0.5|  0.0|INFORM|ArcGIS Online Feature Service Reader: Reading from from feature service 'https://services2.arcgis.com/oUXiR7ziAPAzGw6X/arcgis/rest/services/CCMReports/FeatureServer' using filters defined in 'CCMReports'
2022-06-29 09:57:26|   0.5|  0.0|INFORM|ARCGISONLINEFEATURES reader: Creating bulk features from individual features
2022-06-29 09:57:26|   0.5|  0.0|INFORM|Using MultiWriter with keyword `MULTI_WRITER' to output data (ID_ATTRIBUTE is `multi_writer_id')
2022-06-29 09:57:26|   0.5|  0.0|INFORM|Writer output will be ordered by value of multi_writer_id
2022-06-29 09:57:26|   0.5|  0.0|INFORM|Loaded module 'LogCount_func' from file 'C:\Program Files\FME\plugins/LogCount_func.dll'
2022-06-29 09:57:26|   0.5|  0.0|INFORM|FME API version of module 'LogCount_func' matches current internal version (4.0 20220317)
2022-06-29 09:57:26|   0.5|  0.0|INFORM|Loaded module 'UUID_func' from file 'C:\Program Files\FME\plugins/UUID_func.dll'
2022-06-29 09:57:26|   0.5|  0.0|INFORM|FME API version of module 'UUID_func' matches current internal version (4.0 20220317)
2022-06-29 09:57:26|   0.5|  0.0|INFORM|ArcGIS Online Feature Service Reader: Requesting metadata for Feature Service at 'https://services2.arcgis.com/oUXiR7ziAPAzGw6X/arcgis/rest/services/CCMReports/FeatureServer'
2022-06-29 09:57:27|   0.6|  0.1|INFORM|The ESRIWKID number of the FME coordinate system 'LL-WGS84' is '4326'
2022-06-29 09:57:27|   0.6|  0.0|INFORM|ArcGIS Online Feature Service Reader: Requesting metadata for Feature Service at 'https://services2.arcgis.com/oUXiR7ziAPAzGw6X/arcgis/rest/services/CCMReports/FeatureServer'
2022-06-29 09:57:27|   0.6|  0.0|INFORM|ArcGIS Online Feature Service Reader: Found layer/table 'Reports:Reports' with ID 14 for feature type 'Reports:Reports'
2022-06-29 09:57:27|   0.6|  0.0|INFORM|ArcGIS Online Feature Service Reader: Requesting metadata for layer/table 14 of Feature Service at 'https://services2.arcgis.com/oUXiR7ziAPAzGw6X/arcgis/rest/services/CCMReports/FeatureServer'
2022-06-29 09:57:27|   0.7|  0.1|INFORM|ArcGIS Online Feature Service Reader: Requesting features for feature type 'Reports:Reports' from server in batches of up to 1000 features
2022-06-29 09:57:27|   0.7|  0.0|INFORM|ArcGIS Online Feature Service Reader: Getting feature results 0 up to 1000 of layer/table 'Reports:Reports'
2022-06-29 09:57:29|   0.7|  0.0|INFORM|FME Configuration: Source coordinate system for reader ARCGISONLINEFEATURES_1[ARCGISONLINEFEATURES] set to `LL-WGS84' as read from input data
2022-06-29 09:57:29|   0.7|  0.0|INFORM|Coordinate System `LL-WGS84' parameters: CS_NAME=`LL-WGS84' DESC_NM=`WGS84 Lat/Longs' DT_NAME=`WGS84' GROUP=`LL' MAP_SCL=`1' PROJ=`LL' QUAD=`1' SCL_RED=`1' UNIT=`DEGREE'
2022-06-29 09:57:29|   0.8|  0.1|INFORM|ArcGIS Online Feature Service Reader: Getting feature results 1000 up to 2000 of layer/table 'Reports:Reports'
2022-06-29 09:57:29|   0.9|  0.1|INFORM|ArcGIS Online Feature Service Reader: Getting feature results 2000 up to 3000 of layer/table 'Reports:Reports'
2022-06-29 09:57:29|   1.0|  0.1|INFORM|ArcGIS Online Feature Service Reader: Getting feature results 3000 up to 4000 of layer/table 'Reports:Reports'
2022-06-29 09:57:30|   1.1|  0.1|INFORM|ArcGIS Online Feature Service Reader: Getting feature results 4000 up to 5000 of layer/table 'Reports:Reports'
2022-06-29 09:57:30|   1.2|  0.1|INFORM|ArcGIS Online Feature Service Reader: Getting feature results 5000 up to 6000 of layer/table 'Reports:Reports'
2022-06-29 09:57:31|   1.3|  0.1|INFORM|ArcGIS Online Feature Service Reader: Getting feature results 6000 up to 7000 of layer/table 'Reports:Reports'
2022-06-29 09:57:31|   1.4|  0.1|INFORM|ArcGIS Online Feature Service Reader: Getting feature results 7000 up to 8000 of layer/table 'Reports:Reports'
2022-06-29 09:57:32|   1.5|  0.1|INFORM|ArcGIS Online Feature Service Reader: Getting feature results 8000 up to 9000 of layer/table 'Reports:Reports'
2022-06-29 09:57:32|   1.5|  0.0|INFORM|ArcGIS Online Feature Service Reader: Getting feature results 9000 up to 10000 of layer/table 'Reports:Reports'
2022-06-29 09:57:33|   1.6|  0.1|INFORM|ARCGISONLINEFEATURES reader: Read 10000 features
2022-06-29 09:57:33|   1.6|  0.0|INFORM|ArcGIS Online Feature Service Reader: Getting feature results 10000 up to 11000 of layer/table 'Reports:Reports'
2022-06-29 09:57:33|   1.7|  0.1|STATS |Storing feature(s) to FME feature store file `C:\Users\mmiller\AppData\Local\Temp\wb-cache-PDUpdater-pRHxGg\Main_Reports_Reports -1 2 -1  0  7db3196b2ad6c5c5e865580a9b2898eb70483f09.ffsupdating'
2022-06-29 09:57:33|   1.7|  0.0|INFORM|FFS writer: Writing 10760 feature(s) to file 'C:\Users\mmiller\AppData\Local\Temp\wb-cache-PDUpdater-pRHxGg\Main_Reports_Reports -1 2 -1  0  7db3196b2ad6c5c5e865580a9b2898eb70483f09.fts'
2022-06-29 09:57:33|   1.8|  0.1|INFORM|Spatial Index: Adding 10760 features
2022-06-29 09:57:33|   1.8|  0.0|INFORM|ChangeDetector_Matcher (MatchingFactory): Splitting bulk features into individual features
2022-06-29 09:57:34|   2.0|  0.2|INFORM|Creating reader for format: Esri Geodatabase (File Geodb)
2022-06-29 09:57:34|   2.1|  0.1|INFORM|Trying to find a DYNAMIC plugin for reader named `GEODATABASE_FILE'
2022-06-29 09:57:34|   2.1|  0.0|INFORM|Loaded module 'GEODATABASE_FILE' from file 'C:\Program Files\FME\plugins/..\geodatabase9.dll'
2022-06-29 09:57:34|   2.1|  0.0|INFORM|FME API version of module '..\geodatabase9' matches current internal version (4.0 20220317)
2022-06-29 09:57:34|   2.1|  0.0|INFORM|Opening the Esri Geodatabase reader
2022-06-29 09:57:35|   2.7|  0.6|INFORM|The ArcObjects license 'Advanced' is being selected from the ESRILicenseInfo ArcObjects call
2022-06-29 09:57:36|   3.0|  0.3|INFORM|FME has checked out an Esri license. The product checked out is 'Advanced'
2022-06-29 09:57:36|   3.0|  0.0|INFORM|Installed ArcGIS version is '3.0.0'
2022-06-29 09:57:36|   3.2|  0.2|INFORM|Connected to the File Geodatabase at 'N:\data\ArcGIS Pro Projects\Community Crime Mapping\Community Crime Mapping.gdb'
2022-06-29 09:57:36|   3.2|  0.0|INFORM|File Geodatabase release: '10.0'
2022-06-29 09:57:36|   3.2|  0.0|INFORM|GEODATABASE_FILE_1 Reader: Using Enhanced geometry
2022-06-29 09:57:36|   3.2|  0.0|INFORM|All network information will be ignored. As a result, edges will be treated as polyline features and junctions will be treated as point features
2022-06-29 09:57:36|   3.2|  0.0|INFORM|All relationship information will be ignored. As a result, simple relationships will not be read, and attributed relationships will be read as tables
2022-06-29 09:57:36|   3.2|  0.0|INFORM|GEODATABASE_FILE reader: Creating bulk features from individual features
2022-06-29 09:57:36|   3.2|  0.0|INFORM|The OGC definition of the FME coordinate system '_LL-WGS84_0' is 'GEOGCS["GCS_WGS_1984",DATUM["D_WGS_1984",SPHEROID["WGS_1984",6378137.0,298.257223563]],PRIMEM["Greenwich",0.0],UNIT["Degree",0.0174532925199433]]'
2022-06-29 09:57:36|   3.2|  0.0|INFORM|Reading feature type 'Reports'
2022-06-29 09:57:36|   3.2|  0.0|INFORM|FME Configuration: Source coordinate system for reader GEODATABASE_FILE_1[GEODATABASE_FILE] set to `_LL-WGS84_0' as read from input data
2022-06-29 09:57:36|   3.2|  0.0|INFORM|Coordinate System `_LL-WGS84_0' parameters: CS_NAME=`_LL-WGS84_0' CS_ORIGINAL_NAME=`LL-WGS84' DESC_NM=`WGS84 Lat/Longs' DT_NAME=`WGS84' ESRI_WKT=`GEOGCS["GCS_WGS_1984",DATUM["D_WGS_1984",SPHEROID["WGS_1984",6378137.0,298.257223563]],PRIMEM["Greenwich",0.0],UNIT["Degree",0.0174532925199433]]' GROUP=`LL' MAP_SCL=`1' PROJ=`LL' QUAD=`1' SCL_RED=`1' UNIT=`DEGREE'
2022-06-29 09:57:37|   4.1|  0.9|STATS |Storing feature(s) to FME feature store file `C:\Users\mmiller\AppData\Local\Temp\wb-cache-PDUpdater-pRHxGg\Main_Reports -1 14 -1  0  feca45d176a600ae9e7933a7c8143fd167e5e22e.ffsupdating'
2022-06-29 09:57:37|   4.1|  0.0|INFORM|FFS writer: Writing 10191 feature(s) to file 'C:\Users\mmiller\AppData\Local\Temp\wb-cache-PDUpdater-pRHxGg\Main_Reports -1 14 -1  0  feca45d176a600ae9e7933a7c8143fd167e5e22e.fts'
2022-06-29 09:57:37|   4.2|  0.1|INFORM|Spatial Index: Adding 10191 features
2022-06-29 09:57:37|   4.2|  0.0|INFORM|ChangeDetector_Matcher (MatchingFactory): Splitting bulk features into individual features
2022-06-29 09:57:37|   4.2|  0.0|STATS |Storing feature(s) to FME feature store file `C:\Users\mmiller\AppData\Local\Temp\wb-cache-PDUpdater-pRHxGg\Main_ChangeDetector -1 3 fo 3 UNCHANGED  0  a000c08baf5018d9856f4c98cebdfa7af79cde73.ffsupdating'
2022-06-29 09:57:37|   4.7|  0.5|INFORM|Closing the Esri Geodatabase reader
2022-06-29 09:57:37|   4.7|  0.0|INFORM|MULTI_READER(MULTI_READER): Done reading 20951 features from 2 readers
2022-06-29 09:57:37|   4.7|  0.0|INFORM|Emptying factory pipeline
2022-06-29 09:57:37|   4.7|  0.0|STATS |Router and Unexpected Input Remover (RoutingFactory): Tested 20951 input feature(s), wrote 20951 output feature(s): 20951 matched merge filters, 20951 were routed to output, 0 could not be routed.
2022-06-29 09:57:37|   4.7|  0.0|STATS |Unexpected Input Remover Nuker (TeeFactory): Cloned 0 input feature(s) into 0 output feature(s)
2022-06-29 09:57:37|   4.7|  0.0|STATS |Reports:Reports_ARCGISONLINEFEATURES_1 Splitter (TeeFactory): Cloned 10760 input feature(s) into 10760 output feature(s)
2022-06-29 09:57:37|   4.7|  0.0|STATS |Reports:Reports_ARCGISONLINEFEATURES_1 Feature Counter -1 4 (TeeFactory): Cloned 10760 input feature(s) into 10760 output feature(s)
2022-06-29 09:57:37|   4.7|  0.0|STATS |Reports_GEODATABASE_FILE_1 Splitter (TeeFactory): Cloned 10191 input feature(s) into 10191 output feature(s)
2022-06-29 09:57:37|   4.7|  0.0|STATS |Reports_GEODATABASE_FILE_1 Feature Counter -1 5 (TeeFactory): Cloned 10191 input feature(s) into 10191 output feature(s)
2022-06-29 09:57:37|   4.7|  0.0|STATS |Storing feature(s) to FME feature store file `C:\Users\mmiller\AppData\Local\Temp\wb-cache-PDUpdater-pRHxGg\Main_ChangeDetector -1 3 fo 2 DELETED  0  d9565afef891f7a4697a4d104cf97feae6a31330.ffsupdating'
2022-06-29 09:57:37|   4.7|  0.0|STATS |Storing feature(s) to FME feature store file `C:\Users\mmiller\AppData\Local\Temp\wb-cache-PDUpdater-pRHxGg\Main_ChangeDetector -1 3 fo 1 INSERTED  0  f3fdbc25f73e38fe9d328e81a021cec4b99c1eac.ffsupdating'
2022-06-29 09:57:37|   4.7|  0.0|STATS |Storing feature(s) to FME feature store file `C:\Users\mmiller\AppData\Local\Temp\wb-cache-PDUpdater-pRHxGg\Main_GUIDGenerator -1 8 fo 0 OUTPUT  0  f9fa188fc7bc7974a8f770fa09041e87b4c62249.ffsupdating'
2022-06-29 09:57:37|   4.7|  0.0|INFORM|Creating writer for format: Esri ArcGIS Online (AGOL) Feature Service
2022-06-29 09:57:37|   4.7|  0.0|INFORM|Trying to find a PYTHON plugin for writer named `ARCGISONLINEFEATURES'
2022-06-29 09:57:37|   4.7|  0.0|INFORM|Loaded Python module `arcgisonlinefeatures' from file `C:\Program Files\FME\python\python39\arcgisonlinefeatures\__init__.pyc'
2022-06-29 09:57:37|   4.8|  0.1|INFORM|FME Configuration: No destination coordinate system set
2022-06-29 09:57:37|   4.8|  0.0|INFORM|Loaded Python module `arcgisonlinefeatures' from file `C:\Program Files\FME\python\python39\arcgisonlinefeatures\__init__.pyc'
2022-06-29 09:57:37|   4.8|  0.0|INFORM|Writer `ARCGISONLINEFEATURES_2' of type `ARCGISONLINEFEATURES' using group definition keyword `ARCGISONLINEFEATURES_2_DEF'
2022-06-29 09:57:37|   4.8|  0.0|INFORM|Loaded Python module `arcgisonlinefeatures' from file `C:\Program Files\FME\python\python39\arcgisonlinefeatures\__init__.pyc'
2022-06-29 09:57:37|   4.8|  0.0|INFORM|ArcGIS Online Feature Service Writer: Requesting portal information
2022-06-29 09:57:38|   4.9|  0.1|INFORM|ArcGIS Online Feature Service Writer: Getting item with ID '1f7a28a68ccb40ffbf1fdba3f33c23d5'
2022-06-29 09:57:38|   4.9|  0.0|INFORM|ArcGIS Online Feature Service Writer: Write requests will be issued in batches of 1000 features each
2022-06-29 09:57:38|   4.9|  0.0|INFORM|FME Configuration: Destination coordinate system set to input coordinate system `_LL-WGS84_0'
2022-06-29 09:57:38|   4.9|  0.0|INFORM|ArcGIS Online Feature Service Writer: Getting item with ID '1f7a28a68ccb40ffbf1fdba3f33c23d5'
2022-06-29 09:57:38|   4.9|  0.0|INFORM|ArcGIS Online Feature Service Writer: Requesting metadata for Feature Service at 'https://services2.arcgis.com/oUXiR7ziAPAzGw6X/arcgis/rest/services/CCMReports/FeatureServer'
2022-06-29 09:57:38|   4.9|  0.0|INFORM|ArcGIS Online Feature Service Writer: Writing using Global IDs
2022-06-29 09:57:38|   4.9|  0.0|INFORM|ArcGIS Online Feature Service Writer: Getting item with ID '1f7a28a68ccb40ffbf1fdba3f33c23d5'
2022-06-29 09:57:38|   4.9|  0.0|INFORM|ArcGIS Online Feature Service Writer: Requesting metadata for Feature Service at 'https://services2.arcgis.com/oUXiR7ziAPAzGw6X/arcgis/rest/services/CCMReports/FeatureServer'
2022-06-29 09:57:38|   4.9|  0.0|INFORM|ArcGIS Online Feature Service Writer: Found layer/table 'Reports:Reports' with ID 14 for feature type 'Reports:Reports'
2022-06-29 09:57:38|   4.9|  0.0|INFORM|ArcGIS Online Feature Service Writer: Requesting metadata for layer/table 14 of Feature Service at 'https://services2.arcgis.com/oUXiR7ziAPAzGw6X/arcgis/rest/services/CCMReports/FeatureServer'
2022-06-29 09:57:38|   4.9|  0.0|WARN  |ArcGIS Online Feature Service Writer: Attribute 'OBJECTID' on feature type 'Reports:Reports' is marked as read-only in the corresponding layer/table. Attribute values will be ignored
2022-06-29 09:57:38|   4.9|  0.0|WARN  |ArcGIS Online Feature Service Writer: Attribute 'GlobalID' on feature type 'Reports:Reports' is marked as read-only in the corresponding layer/table. Attribute values will be ignored
2022-06-29 09:57:38|   4.9|  0.0|INFORM|FME Configuration: Using FME Reprojection Engine
2022-06-29 09:57:38|   4.9|  0.0|STATS |ChangeDetector_UPDATED Feature Counter -1 2147614723 (TeeFactory): Cloned 0 input feature(s) into 0 output feature(s)
2022-06-29 09:57:38|   4.9|  0.0|STATS |ChangeDetector_INSERTED Feature Counter -1 9 (TeeFactory): Cloned 25 input feature(s) into 25 output feature(s)
2022-06-29 09:57:38|   4.9|  0.0|STATS |ChangeDetector_DELETED Feature Counter -1 2147745795 (TeeFactory): Cloned 594 input feature(s) into 0 output feature(s)
2022-06-29 09:57:38|   4.9|  0.0|STATS |ChangeDetector_UNCHANGED Feature Counter -1 2147811331 (TeeFactory): Cloned 10166 input feature(s) into 0 output feature(s)
2022-06-29 09:57:38|   4.9|  0.0|STATS |GUIDGenerator INPUT Input Collector (TeeFactory): Cloned 25 input feature(s) into 25 output feature(s)
2022-06-29 09:57:38|   4.9|  0.0|STATS |GUIDGenerator_INPUT1564513815 Input Splitter (TeeFactory): Cloned 25 input feature(s) into 25 output feature(s)
2022-06-29 09:57:38|   4.9|  0.0|STATS |GUIDGenerator_UUIDGENERATOR (TeeFactory): Cloned 25 input feature(s) into 25 output feature(s)
2022-06-29 09:57:38|   4.9|  0.0|STATS |GUIDGenerator_CONCATENATOR (TeeFactory): Cloned 25 input feature(s) into 25 output feature(s)
2022-06-29 09:57:38|   4.9|  0.0|STATS |GUIDGenerator_OUTPUT1564513815 Output Collector (TeeFactory): Cloned 25 input feature(s) into 25 output feature(s)
2022-06-29 09:57:38|   4.9|  0.0|STATS |GUIDGenerator OUTPUT Output Renamer/Nuker (TeeFactory): Cloned 25 input feature(s) into 25 output feature(s)
2022-06-29 09:57:38|   4.9|  0.0|STATS |Stored 1 feature(s) to FME feature store file `C:\Users\mmiller\AppData\Local\Temp\wb-cache-PDUpdater-pRHxGg\Main_Reports_Reports -1 2 -1  0  7db3196b2ad6c5c5e865580a9b2898eb70483f09.ffsupdating'
2022-06-29 09:57:38|   4.9|  0.0|INFORM|Saving spatial index into file 'C:\Users\mmiller\AppData\Local\Temp\wb-cache-PDUpdater-pRHxGg\Main_Reports_Reports -1 2 -1  0  7db3196b2ad6c5c5e865580a9b2898eb70483f09.fsi'
2022-06-29 09:57:38|   4.9|  0.0|INFORM|Finished saving spatial index into file 'C:\Users\mmiller\AppData\Local\Temp\wb-cache-PDUpdater-pRHxGg\Main_Reports_Reports -1 2 -1  0  7db3196b2ad6c5c5e865580a9b2898eb70483f09.fsi'
2022-06-29 09:57:38|   4.9|  0.0|STATS |Stored 1 feature(s) to FME feature store file `C:\Users\mmiller\AppData\Local\Temp\wb-cache-PDUpdater-pRHxGg\Main_Reports -1 14 -1  0  feca45d176a600ae9e7933a7c8143fd167e5e22e.ffsupdating'
2022-06-29 09:57:38|   4.9|  0.0|INFORM|Saving spatial index into file 'C:\Users\mmiller\AppData\Local\Temp\wb-cache-PDUpdater-pRHxGg\Main_Reports -1 14 -1  0  feca45d176a600ae9e7933a7c8143fd167e5e22e.fsi'
2022-06-29 09:57:38|   4.9|  0.0|INFORM|Finished saving spatial index into file 'C:\Users\mmiller\AppData\Local\Temp\wb-cache-PDUpdater-pRHxGg\Main_Reports -1 14 -1  0  feca45d176a600ae9e7933a7c8143fd167e5e22e.fsi'
2022-06-29 09:57:38|   4.9|  0.0|STATS |Stored 10166 feature(s) to FME feature store file `C:\Users\mmiller\AppData\Local\Temp\wb-cache-PDUpdater-pRHxGg\Main_ChangeDetector -1 3 fo 3 UNCHANGED  0  a000c08baf5018d9856f4c98cebdfa7af79cde73.ffsupdating'
2022-06-29 09:57:38|   4.9|  0.0|INFORM|Saving spatial index into file 'C:\Users\mmiller\AppData\Local\Temp\wb-cache-PDUpdater-pRHxGg\Main_ChangeDetector -1 3 fo 3 UNCHANGED  0  a000c08baf5018d9856f4c98cebdfa7af79cde73.fsi'
2022-06-29 09:57:38|   4.9|  0.0|INFORM|Finished saving spatial index into file 'C:\Users\mmiller\AppData\Local\Temp\wb-cache-PDUpdater-pRHxGg\Main_ChangeDetector -1 3 fo 3 UNCHANGED  0  a000c08baf5018d9856f4c98cebdfa7af79cde73.fsi'
2022-06-29 09:57:38|   4.9|  0.0|STATS |Stored 25 feature(s) to FME feature store file `C:\Users\mmiller\AppData\Local\Temp\wb-cache-PDUpdater-pRHxGg\Main_ChangeDetector -1 3 fo 1 INSERTED  0  f3fdbc25f73e38fe9d328e81a021cec4b99c1eac.ffsupdating'
2022-06-29 09:57:38|   4.9|  0.0|INFORM|Saving spatial index into file 'C:\Users\mmiller\AppData\Local\Temp\wb-cache-PDUpdater-pRHxGg\Main_ChangeDetector -1 3 fo 1 INSERTED  0  f3fdbc25f73e38fe9d328e81a021cec4b99c1eac.fsi'
2022-06-29 09:57:38|   4.9|  0.0|INFORM|Finished saving spatial index into file 'C:\Users\mmiller\AppData\Local\Temp\wb-cache-PDUpdater-pRHxGg\Main_ChangeDetector -1 3 fo 1 INSERTED  0  f3fdbc25f73e38fe9d328e81a021cec4b99c1eac.fsi'
2022-06-29 09:57:38|   4.9|  0.0|STATS |Stored 594 feature(s) to FME feature store file `C:\Users\mmiller\AppData\Local\Temp\wb-cache-PDUpdater-pRHxGg\Main_ChangeDetector -1 3 fo 2 DELETED  0  d9565afef891f7a4697a4d104cf97feae6a31330.ffsupdating'
2022-06-29 09:57:38|   4.9|  0.0|INFORM|Saving spatial index into file 'C:\Users\mmiller\AppData\Local\Temp\wb-cache-PDUpdater-pRHxGg\Main_ChangeDetector -1 3 fo 2 DELETED  0  d9565afef891f7a4697a4d104cf97feae6a31330.fsi'
2022-06-29 09:57:38|   4.9|  0.0|INFORM|Finished saving spatial index into file 'C:\Users\mmiller\AppData\Local\Temp\wb-cache-PDUpdater-pRHxGg\Main_ChangeDetector -1 3 fo 2 DELETED  0  d9565afef891f7a4697a4d104cf97feae6a31330.fsi'
2022-06-29 09:57:38|   4.9|  0.0|STATS |Stored 25 feature(s) to FME feature store file `C:\Users\mmiller\AppData\Local\Temp\wb-cache-PDUpdater-pRHxGg\Main_GUIDGenerator -1 8 fo 0 OUTPUT  0  f9fa188fc7bc7974a8f770fa09041e87b4c62249.ffsupdating'
2022-06-29 09:57:38|   4.9|  0.0|INFORM|Saving spatial index into file 'C:\Users\mmiller\AppData\Local\Temp\wb-cache-PDUpdater-pRHxGg\Main_GUIDGenerator -1 8 fo 0 OUTPUT  0  f9fa188fc7bc7974a8f770fa09041e87b4c62249.fsi'
2022-06-29 09:57:38|   4.9|  0.0|INFORM|Finished saving spatial index into file 'C:\Users\mmiller\AppData\Local\Temp\wb-cache-PDUpdater-pRHxGg\Main_GUIDGenerator -1 8 fo 0 OUTPUT  0  f9fa188fc7bc7974a8f770fa09041e87b4c62249.fsi'
2022-06-29 09:57:38|   4.9|  0.0|STATS |GUIDGenerator_OUTPUT Feature Counter -1 10 (TeeFactory): Cloned 25 input feature(s) into 25 output feature(s)
2022-06-29 09:57:38|   4.9|  0.0|STATS |Destination Feature Type Routing Correlator (RoutingFactory): Tested 25 input feature(s), wrote 25 output feature(s): 0 matched merge filters, 25 were routed to output, 0 could not be routed.
2022-06-29 09:57:38|   4.9|  0.0|STATS |Final Output Nuker (TeeFactory): Cloned 0 input feature(s) into 0 output feature(s)
2022-06-29 09:57:38|   4.9|  0.0|INFORM|ArcGIS Online Feature Service Writer: Writing features for layer/table 'Reports:Reports', with 25 inserts, 0 updates, and 0 deletes
2022-06-29 09:57:41|   4.9|  0.0|INFORM|=-=-=-=-=-=-=-=-=-=-=-=-=-=-=-=-=-=-=-=-=-=-=-=-=-=-=-=-=-=-=-=-=-=-=-=-=-=-=-
2022-06-29 09:57:41|   4.9|  0.0|INFORM|Feature output statistics for `ARCGISONLINEFEATURES' writer using keyword `ARCGISONLINEFEATURES_2':
2022-06-29 09:57:41|   4.9|  0.0|STATS |=-=-=-=-=-=-=-=-=-=-=-=-=-=-=-=-=-=-=-=-=-=-=-=-=-=-=-=-=-=-=-=-=-=-=-=-=-=-=-
2022-06-29 09:57:41|   4.9|  0.0|STATS |                               Features Written
2022-06-29 09:57:41|   4.9|  0.0|STATS |=-=-=-=-=-=-=-=-=-=-=-=-=-=-=-=-=-=-=-=-=-=-=-=-=-=-=-=-=-=-=-=-=-=-=-=-=-=-=-
2022-06-29 09:57:41|   4.9|  0.0|STATS |Reports:Reports                                                             25
2022-06-29 09:57:41|   4.9|  0.0|STATS |==============================================================================
2022-06-29 09:57:41|   4.9|  0.0|STATS |Total Features Written                                                      25
2022-06-29 09:57:41|   4.9|  0.0|STATS |=-=-=-=-=-=-=-=-=-=-=-=-=-=-=-=-=-=-=-=-=-=-=-=-=-=-=-=-=-=-=-=-=-=-=-=-=-=-=-
2022-06-29 09:57:41|   4.9|  0.0|STATS |=-=-=-=-=-=-=-=-=-=-=-=-=-=-=-=-=-=-=-=-=-=-=-=-=-=-=-=-=-=-=-=-=-=-=-=-=-=-=-
2022-06-29 09:57:41|   4.9|  0.0|STATS |                            Features Read Summary
2022-06-29 09:57:41|   4.9|  0.0|STATS |=-=-=-=-=-=-=-=-=-=-=-=-=-=-=-=-=-=-=-=-=-=-=-=-=-=-=-=-=-=-=-=-=-=-=-=-=-=-=-
2022-06-29 09:57:41|   4.9|  0.0|STATS |Reports                                                                  10191
2022-06-29 09:57:41|   4.9|  0.0|STATS |Reports:Reports                                                          10760
2022-06-29 09:57:41|   4.9|  0.0|STATS |==============================================================================
2022-06-29 09:57:41|   4.9|  0.0|STATS |Total Features Read                                                      20951
2022-06-29 09:57:41|   4.9|  0.0|STATS |=-=-=-=-=-=-=-=-=-=-=-=-=-=-=-=-=-=-=-=-=-=-=-=-=-=-=-=-=-=-=-=-=-=-=-=-=-=-=-
2022-06-29 09:57:41|   4.9|  0.0|STATS |=-=-=-=-=-=-=-=-=-=-=-=-=-=-=-=-=-=-=-=-=-=-=-=-=-=-=-=-=-=-=-=-=-=-=-=-=-=-=-
2022-06-29 09:57:41|   4.9|  0.0|STATS |                           Features Written Summary
2022-06-29 09:57:41|   4.9|  0.0|STATS |=-=-=-=-=-=-=-=-=-=-=-=-=-=-=-=-=-=-=-=-=-=-=-=-=-=-=-=-=-=-=-=-=-=-=-=-=-=-=-
2022-06-29 09:57:41|   4.9|  0.0|STATS |Reports:Reports                                                             25
2022-06-29 09:57:41|   4.9|  0.0|STATS |==============================================================================
2022-06-29 09:57:41|   4.9|  0.0|STATS |Total Features Written                                                      25
2022-06-29 09:57:41|   4.9|  0.0|STATS |=-=-=-=-=-=-=-=-=-=-=-=-=-=-=-=-=-=-=-=-=-=-=-=-=-=-=-=-=-=-=-=-=-=-=-=-=-=-=-
2022-06-29 09:57:41|   4.9|  0.0|WARN  |-~-~-~-~-~-~-~-~-~-~-~-~-~-~-~-~-~-~-~-~-~-~-~-~-~-~-~-~-~-~-~-~-~-~-~-~-~-~-~-~-
2022-06-29 09:57:41|   4.9|  0.0|WARN  |-~                                                                             ~-
2022-06-29 09:57:41|   4.9|  0.0|WARN  |-~    Feature caches have been recorded at every stage of the translation.     ~-
2022-06-29 09:57:41|   4.9|  0.0|WARN  |-~                      To inspect the recorded features,                      ~-
2022-06-29 09:57:41|   4.9|  0.0|WARN  |-~              click the feature cache icons next to the ports.               ~-
2022-06-29 09:57:41|   4.9|  0.0|WARN  |-~                                                                             ~-
2022-06-29 09:57:41|   4.9|  0.0|WARN  |-~-~-~-~-~-~-~-~-~-~-~-~-~-~-~-~-~-~-~-~-~-~-~-~-~-~-~-~-~-~-~-~-~-~-~-~-~-~-~-~-
2022-06-29 09:57:41|   4.9|  0.0|INFORM|Translation was SUCCESSFUL with 9 warning(s) (25 feature(s) output)
2022-06-29 09:57:41|   5.0|  0.1|INFORM|FME Session Duration: 15.8 seconds. (CPU: 3.8s user, 1.2s system)
2022-06-29 09:57:41|   5.0|  0.0|INFORM|END - ProcessID: 32508, peak process memory usage: 305680 kB, current process memory usage: 242556 kB
