2022-04-19 13:30:01|   0.0|  0.0|INFORM|Current FME version: FME 2022.0.0.0 Beta (20220413 - Build 22326 - WIN64)
2022-04-19 13:30:01|   0.0|  0.0|INFORM|FME_HOME is 'C:\Program Files\FME\'
2022-04-19 13:30:01|   0.0|  0.0|INFORM|FME for April (node locked-crc)
2022-04-19 13:30:01|   0.0|  0.0|INFORM|Serial Number: 0
2022-04-19 13:30:01|   0.0|  0.0|INFORM|Temporary License: 13 days left.
2022-04-19 13:30:01|   0.0|  0.0|INFORM|Machine host name is: 1-12129
2022-04-19 13:30:01|   0.0|  0.0|INFORM|OS Locale Name     : en_US
2022-04-19 13:30:01|   0.0|  0.0|INFORM|OS Locale Encoding : windows-1252
2022-04-19 13:30:01|   0.0|  0.0|INFORM|Process Encoding   : UTF-8
2022-04-19 13:30:01|   0.0|  0.0|INFORM|FME Configuration: FME_BASE is 'no'
2022-04-19 13:30:01|   0.0|  0.0|INFORM|FME Configuration: FME_MF_DIR is 'C:\Users\Matthew\OneDrive - City of Waco Texas\Documents\FME\Workspaces/'
2022-04-19 13:30:01|   0.0|  0.0|INFORM|FME Configuration: FME_MF_NAME is 'training001.fmw'
2022-04-19 13:30:01|   0.0|  0.0|INFORM|FME Configuration: FME_PRODUCT_NAME is 'FME(R) 2022.0.0.0'
2022-04-19 13:30:01|   0.0|  0.0|INFORM|Operating System: Microsoft Windows 10 64-bit  (Build 19044)
2022-04-19 13:30:01|   0.0|  0.0|INFORM|FME Platform: WIN64
2022-04-19 13:30:01|   0.0|  0.0|INFORM|System Status: 152.87 GB of disk space available in the FME temporary folder (C:\Users\Matthew\AppData\Local\Temp\wbrun_1650377205955_16416\fmetmp_25)
2022-04-19 13:30:01|   0.0|  0.0|INFORM|System Status: 15.75 GB of physical memory available
2022-04-19 13:30:01|   0.0|  0.0|INFORM|System Status: 63.01 GB of virtual memory available
2022-04-19 13:30:01|   0.0|  0.0|INFORM|START - ProcessID: 2124, peak process memory usage: 52068 kB, current process memory usage: 52068 kB
2022-04-19 13:30:01|   0.0|  0.0|INFORM|FME Configuration: Command line arguments are `C:\Program Files\FME\fme.exe' `C:/Users/Matthew/OneDrive - City of Waco Texas/Documents/FME/Workspaces\wb-xlate-1650392997994_16416' `LOG_STANDARDOUT' `YES' `LOG_TIMINGS' `YES' `LogCountServerName' `54479' `LOG_STANDARDOUT' `No' `WORKBENCH_LOG_SERVER' `57911'
2022-04-19 13:30:01|   0.0|  0.0|INFORM|FME Configuration: Connection Storage: 'C:\Users\Matthew\AppData\Roaming\Safe Software\FME\'
2022-04-19 13:30:01|   0.0|  0.0|INFORM|Shared folders for formats are : C:\Program Files\FME\datasources;C:\Users\Matthew\OneDrive - City of Waco Texas\Documents\FME\Formats
2022-04-19 13:30:01|   0.0|  0.0|INFORM|Shared folders for transformers are : C:\Users\Matthew\AppData\Roaming\Safe Software\FME\Packages\22326-win64\transformers;C:\Program Files\FME\transformers
2022-04-19 13:30:01|   0.0|  0.0|INFORM|Shared folders for coordinate systems are : C:\Users\Matthew\OneDrive - City of Waco Texas\Documents\FME\CoordinateSystems
2022-04-19 13:30:01|   0.0|  0.0|INFORM|Shared folders for coordinate system exceptions are : C:\Users\Matthew\OneDrive - City of Waco Texas\Documents\FME\CoordinateSystemExceptions
2022-04-19 13:30:01|   0.0|  0.0|INFORM|Shared folders for coordinate system grid overrides are : C:\Users\Matthew\OneDrive - City of Waco Texas\Documents\FME\CoordinateSystemGridOverrides
2022-04-19 13:30:01|   0.0|  0.0|INFORM|Shared folders for CS-MAP transformation exceptions are : C:\Users\Matthew\OneDrive - City of Waco Texas\Documents\FME\CsmapTransformationExceptions
2022-04-19 13:30:01|   0.0|  0.0|INFORM|Shared folders for transformer categories are : C:\Users\Matthew\OneDrive - City of Waco Texas\Documents\FME\TransformerCategories
2022-04-19 13:30:01|   0.0|  0.0|INFORM|FME Configuration: Reader Keyword is `MULTI_READER'
2022-04-19 13:30:01|   0.0|  0.0|INFORM|FME Configuration: Writer Keyword is `MULTI_WRITER'
2022-04-19 13:30:01|   0.0|  0.0|INFORM|FME Configuration: Writer Group Definition Keyword is `MULTI_WRITER_DEF'
2022-04-19 13:30:01|   0.0|  0.0|INFORM|FME Configuration: Reader type is `MULTI_READER'
2022-04-19 13:30:01|   0.0|  0.0|INFORM|FME Configuration: Writer type is `MULTI_WRITER'
2022-04-19 13:30:01|   0.0|  0.0|INFORM|FME Configuration: No destination coordinate system set
2022-04-19 13:30:01|   0.0|  0.0|INFORM|FME Configuration: Current working folder is `C:\Users\Matthew\OneDrive - City of Waco Texas\Documents\FME\Workspaces'
2022-04-19 13:30:01|   0.0|  0.0|INFORM|FME Configuration: Temporary folder is `C:\Users\Matthew\AppData\Local\Temp\wbrun_1650377205955_16416\fmetmp_25', set from environment variable `FME_TEMP'
2022-04-19 13:30:01|   0.0|  0.0|INFORM|FME Configuration: Cache folder is 'C:\Users\Matthew\AppData\Local\Temp'
2022-04-19 13:30:01|   0.0|  0.0|INFORM|FME Configuration: FME_HOME is `C:\Program Files\FME\'
2022-04-19 13:30:01|   0.0|  0.0|INFORM|FME Configuration: Start freeing memory when the process exceeds 47.25 GB
2022-04-19 13:30:01|   0.0|  0.0|INFORM|FME Configuration: Stop freeing memory when the process is below 35.44 GB
2022-04-19 13:30:01|   0.0|  0.0|INFORM|Creating writer for format: 
2022-04-19 13:30:01|   0.0|  0.0|INFORM|Creating reader for format: 
2022-04-19 13:30:01|   0.0|  0.0|INFORM|MULTI_READER(MULTI_READER): Will fail with first member reader failure
2022-04-19 13:30:01|   0.0|  0.0|INFORM|MULTI_READER(MULTI_READER): Adding FILEGDB Reader with keyword FILEGDB_1
2022-04-19 13:30:01|   0.0|  0.0|INFORM|Using Multi Reader with keyword `MULTI_READER' to read multiple datasets
2022-04-19 13:30:01|   0.0|  0.0|INFORM|Creating reader for format: Esri Geodatabase (File Geodb Open API)
2022-04-19 13:30:01|   0.0|  0.0|INFORM|Trying to find a DYNAMIC plugin for reader named `FILEGDB'
2022-04-19 13:30:01|   0.0|  0.0|INFORM|Loaded module 'FILEGDB' from file 'C:\Program Files\FME\plugins/FILEGDB.dll'
2022-04-19 13:30:01|   0.0|  0.0|INFORM|FME API version of module 'FILEGDB' matches current internal version (4.0 20220317)
2022-04-19 13:30:01|   0.0|  0.0|INFORM|FILEGDB reader: Creating bulk features from individual features
2022-04-19 13:30:01|   0.0|  0.0|INFORM|Using MultiWriter with keyword `MULTI_WRITER' to output data (ID_ATTRIBUTE is `multi_writer_id')
2022-04-19 13:30:01|   0.0|  0.0|INFORM|Writer output will be ordered by value of multi_writer_id
2022-04-19 13:30:01|   0.1|  0.1|INFORM|Loaded module 'LogCount_func' from file 'C:\Program Files\FME\plugins/LogCount_func.dll'
2022-04-19 13:30:01|   0.1|  0.0|INFORM|FME API version of module 'LogCount_func' matches current internal version (4.0 20220317)
2022-04-19 13:30:01|   0.3|  0.2|INFORM|The OGC definition of the FME coordinate system '_UTM83-10_0' is 'PROJCS["NAD_1983_UTM_Zone_10N",GEOGCS["GCS_North_American_1983",DATUM["D_North_American_1983",SPHEROID["GRS_1980",6378137.0,298.257222101]],PRIMEM["Greenwich",0.0],UNIT["Degree",0.0174532925199433]],PROJECTION["Transverse_Mercator"],PARAMETER["False_Easting",500000.0],PARAMETER["False_Northing",0.0],PARAMETER["Central_Meridian",-123.0],PARAMETER["Scale_Factor",0.9996],PARAMETER["Latitude_Of_Origin",0.0],UNIT["Meter",1.0],AUTHORITY["EPSG",26910]]'
2022-04-19 13:30:01|   0.3|  0.0|INFORM|FME Configuration: Source coordinate system for reader FILEGDB_1[FILEGDB] set to `_UTM83-10_0' as read from input data
2022-04-19 13:30:01|   0.3|  0.0|INFORM|Coordinate System `_UTM83-10_0' parameters: CS_NAME=`_UTM83-10_0' CS_ORIGINAL_NAME=`UTM83-10' DESC_NM=`UTM with NAD83 datum, Zone 10, Meter; Central Meridian 123d W' DT_NAME=`NAD83' EPSG_QD=`1' ESRI_WKT=`PROJCS["NAD_1983_UTM_Zone_10N",GEOGCS["GCS_North_American_1983",DATUM["D_North_American_1983",SPHEROID["GRS_1980",6378137.0,298.257222101]],PRIMEM["Greenwich",0.0],UNIT["Degree",0.0174532925199433]],PROJECTION["Transverse_Mercator"],PARAMETER["False_Easting",500000.0],PARAMETER["False_Northing",0.0],PARAMETER["Central_Meridian",-123.0],PARAMETER["Scale_Factor",0.9996],PARAMETER["Latitude_Of_Origin",0.0],UNIT["Meter",1.0],AUTHORITY["EPSG",26910]]' GROUP=`UTM83' MAP_SCL=`1' MAX_LAT=`86.93333333333334' MAX_LNG=`-119.25' MIN_LAT=`25.416666666666668' MIN_LNG=`-126.75' PARM1=`-123' PROJ=`TM' QUAD=`1' SCL_RED=`0.9996' SOURCE=`Snyder, J.P, 1987, Map Projections - A Working Manual' UNIT=`METER' X_OFF=`500000.0' Y_OFF=`0.0'
2022-04-19 13:30:02|   0.9|  0.6|STATS |Storing feature(s) to FME feature store file `C:\Users\Matthew\AppData\Local\Temp\wb-cache--CweEtD\Main_PostalAddress -1 2 -1  0  785851bb85a720ecfc67ff0e7d01b414e4ef140b.ffsupdating'
2022-04-19 13:30:02|   0.9|  0.0|INFORM|FFS writer: Writing 13597 feature(s) to file 'C:\Users\Matthew\AppData\Local\Temp\wb-cache--CweEtD\Main_PostalAddress -1 2 -1  0  785851bb85a720ecfc67ff0e7d01b414e4ef140b.fts'
2022-04-19 13:30:02|   0.9|  0.0|INFORM|Spatial Index: Adding 13597 features
2022-04-19 13:30:02|   1.0|  0.1|STATS |Storing feature(s) to FME feature store file `C:\Users\Matthew\AppData\Local\Temp\wb-cache--CweEtD\Main_Tester -1 8 fo 0 PASSED  0  970b96d01418115f0372f4ca34c9f37572a327f7.ffsupdating'
2022-04-19 13:30:02|   1.0|  0.0|INFORM|FFS writer: Writing 8135 feature(s) to file 'C:\Users\Matthew\AppData\Local\Temp\wb-cache--CweEtD\Main_Tester -1 8 fo 0 PASSED  0  970b96d01418115f0372f4ca34c9f37572a327f7.fts'
2022-04-19 13:30:02|   1.0|  0.0|INFORM|Spatial Index: Adding 8135 features
2022-04-19 13:30:02|   1.2|  0.2|STATS |Storing feature(s) to FME feature store file `C:\Users\Matthew\AppData\Local\Temp\wb-cache--CweEtD\Main_SubstringExtractor -1 7 fo 0 OUTPUT  0  400ef208d979f2ae3165f956533957e11f82ffc3.ffsupdating'
2022-04-19 13:30:02|   1.2|  0.0|INFORM|Spatial Index: Adding 8135 features
2022-04-19 13:30:02|   1.2|  0.0|INFORM|Creating writer for format: SpatiaLite
2022-04-19 13:30:02|   1.3|  0.1|INFORM|Trying to find a DYNAMIC plugin for writer named `SPATIALITE_NATIVE'
2022-04-19 13:30:02|   1.3|  0.0|INFORM|Loaded module 'SPATIALITE_NATIVE' from file 'C:\Program Files\FME\plugins/FME_SQLITE3.dll'
2022-04-19 13:30:02|   1.3|  0.0|INFORM|FME API version of module 'FME_SQLITE3' matches current internal version (4.0 20220317)
2022-04-19 13:30:02|   1.3|  0.0|INFORM|FME Configuration: No destination coordinate system set
2022-04-19 13:30:02|   1.3|  0.0|INFORM|Writer `SPATIALITE_NATIVE_1' of type `SPATIALITE_NATIVE' using group definition keyword `SPATIALITE_NATIVE_1_DEF'
2022-04-19 13:30:02|   1.3|  0.0|INFORM|SpatiaLite Writer: Opening `C:\Users\Matthew\Downloads\FMEData2020\FMEData2020\Output\Training\addresses.sqlite' for write operation
2022-04-19 13:30:02|   1.3|  0.0|INFORM|SpatiaLite Writer: Detected geometry_columns table with SpatiaLite 4.0 schema
2022-04-19 13:30:02|   1.3|  0.0|INFORM|The EPSG number of the FME coordinate system 'UTM83-10' is '26910'
2022-04-19 13:30:02|   1.3|  0.0|INFORM|SPATIALITE_NATIVE writer: Creating bulk features from individual features
2022-04-19 13:30:02|   1.3|  0.0|STATS |Storing feature(s) to FME feature store file `C:\Users\Matthew\AppData\Local\Temp\wb-cache--CweEtD\Main_Tester -1 8 fo 1 FAILED  0  246498f2471b3c3e8cc30622314736bad3c02150.ffsupdating'
2022-04-19 13:30:02|   1.3|  0.0|INFORM|FFS writer: Writing 5462 feature(s) to file 'C:\Users\Matthew\AppData\Local\Temp\wb-cache--CweEtD\Main_Tester -1 8 fo 1 FAILED  0  246498f2471b3c3e8cc30622314736bad3c02150.fts'
2022-04-19 13:30:02|   1.4|  0.1|INFORM|Spatial Index: Adding 5462 features
2022-04-19 13:30:02|   1.4|  0.0|INFORM|PostcodeBoundaries Feature Recorder -1 2147549187 (RecorderFactory): Splitting bulk features into individual features
2022-04-19 13:30:02|   1.4|  0.0|STATS |Storing feature(s) to FME feature store file `C:\Users\Matthew\AppData\Local\Temp\wb-cache--CweEtD\Main_PostcodeBoundaries -1 3 -1  0  6414a58eccabf704a6c5166a249d5825510217cd.ffsupdating'
2022-04-19 13:30:02|   1.4|  0.0|INFORM|MULTI_READER(MULTI_READER): Done reading 13615 features from 1 readers
2022-04-19 13:30:02|   1.4|  0.0|INFORM|Emptying factory pipeline
2022-04-19 13:30:02|   1.4|  0.0|STATS |Router and Unexpected Input Remover (RoutingFactory): Tested 13615 input feature(s), wrote 13615 output feature(s): 13615 matched merge filters, 13615 were routed to output, 0 could not be routed.
2022-04-19 13:30:02|   1.4|  0.0|STATS |Unexpected Input Remover Nuker (TeeFactory): Cloned 0 input feature(s) into 0 output feature(s)
2022-04-19 13:30:02|   1.4|  0.0|STATS |PostalAddress_FILEGDB_1 Splitter (TeeFactory): Cloned 13597 input feature(s) into 13597 output feature(s)
2022-04-19 13:30:02|   1.4|  0.0|STATS |PostalAddress_FILEGDB_1 Feature Counter -1 9 (TeeFactory): Cloned 13597 input feature(s) into 13597 output feature(s)
2022-04-19 13:30:02|   1.4|  0.0|STATS |PostcodeBoundaries_FILEGDB_1 Splitter (TeeFactory): Cloned 18 input feature(s) into 0 output feature(s)
2022-04-19 13:30:02|   1.4|  0.0|STATS |Tester (TestFactory): Tested 13597 input feature(s) -- 8135 feature(s) passed and 5462 feature(s) failed
2022-04-19 13:30:02|   1.4|  0.0|STATS |Tester_PASSED Feature Counter -1 10 (TeeFactory): Cloned 8135 input feature(s) into 8135 output feature(s)
2022-04-19 13:30:02|   1.4|  0.0|STATS |Tester_FAILED Feature Counter -1 2147680264 (TeeFactory): Cloned 5462 input feature(s) into 0 output feature(s)
2022-04-19 13:30:02|   1.4|  0.0|STATS |SubstringExtractor (TeeFactory): Cloned 8135 input feature(s) into 8135 output feature(s)
2022-04-19 13:30:02|   1.4|  0.0|STATS |Stored 1 feature(s) to FME feature store file `C:\Users\Matthew\AppData\Local\Temp\wb-cache--CweEtD\Main_Tester -1 8 fo 1 FAILED  0  246498f2471b3c3e8cc30622314736bad3c02150.ffsupdating'
2022-04-19 13:30:02|   1.4|  0.0|INFORM|Saving spatial index into file 'C:\Users\Matthew\AppData\Local\Temp\wb-cache--CweEtD\Main_Tester -1 8 fo 1 FAILED  0  246498f2471b3c3e8cc30622314736bad3c02150.fsi'
2022-04-19 13:30:02|   1.4|  0.0|INFORM|Finished saving spatial index into file 'C:\Users\Matthew\AppData\Local\Temp\wb-cache--CweEtD\Main_Tester -1 8 fo 1 FAILED  0  246498f2471b3c3e8cc30622314736bad3c02150.fsi'
2022-04-19 13:30:02|   1.4|  0.0|STATS |Stored 1 feature(s) to FME feature store file `C:\Users\Matthew\AppData\Local\Temp\wb-cache--CweEtD\Main_Tester -1 8 fo 0 PASSED  0  970b96d01418115f0372f4ca34c9f37572a327f7.ffsupdating'
2022-04-19 13:30:02|   1.4|  0.0|INFORM|Saving spatial index into file 'C:\Users\Matthew\AppData\Local\Temp\wb-cache--CweEtD\Main_Tester -1 8 fo 0 PASSED  0  970b96d01418115f0372f4ca34c9f37572a327f7.fsi'
2022-04-19 13:30:02|   1.4|  0.0|INFORM|Finished saving spatial index into file 'C:\Users\Matthew\AppData\Local\Temp\wb-cache--CweEtD\Main_Tester -1 8 fo 0 PASSED  0  970b96d01418115f0372f4ca34c9f37572a327f7.fsi'
2022-04-19 13:30:02|   1.4|  0.0|STATS |Stored 1 feature(s) to FME feature store file `C:\Users\Matthew\AppData\Local\Temp\wb-cache--CweEtD\Main_PostalAddress -1 2 -1  0  785851bb85a720ecfc67ff0e7d01b414e4ef140b.ffsupdating'
2022-04-19 13:30:02|   1.4|  0.0|INFORM|Saving spatial index into file 'C:\Users\Matthew\AppData\Local\Temp\wb-cache--CweEtD\Main_PostalAddress -1 2 -1  0  785851bb85a720ecfc67ff0e7d01b414e4ef140b.fsi'
2022-04-19 13:30:02|   1.4|  0.0|INFORM|Finished saving spatial index into file 'C:\Users\Matthew\AppData\Local\Temp\wb-cache--CweEtD\Main_PostalAddress -1 2 -1  0  785851bb85a720ecfc67ff0e7d01b414e4ef140b.fsi'
2022-04-19 13:30:02|   1.4|  0.0|STATS |Stored 1 feature(s) to FME feature store file `C:\Users\Matthew\AppData\Local\Temp\wb-cache--CweEtD\Main_SubstringExtractor -1 7 fo 0 OUTPUT  0  400ef208d979f2ae3165f956533957e11f82ffc3.ffsupdating'
2022-04-19 13:30:02|   1.4|  0.0|INFORM|Saving spatial index into file 'C:\Users\Matthew\AppData\Local\Temp\wb-cache--CweEtD\Main_SubstringExtractor -1 7 fo 0 OUTPUT  0  400ef208d979f2ae3165f956533957e11f82ffc3.fsi'
2022-04-19 13:30:02|   1.4|  0.0|INFORM|Finished saving spatial index into file 'C:\Users\Matthew\AppData\Local\Temp\wb-cache--CweEtD\Main_SubstringExtractor -1 7 fo 0 OUTPUT  0  400ef208d979f2ae3165f956533957e11f82ffc3.fsi'
2022-04-19 13:30:02|   1.4|  0.0|STATS |Stored 18 feature(s) to FME feature store file `C:\Users\Matthew\AppData\Local\Temp\wb-cache--CweEtD\Main_PostcodeBoundaries -1 3 -1  0  6414a58eccabf704a6c5166a249d5825510217cd.ffsupdating'
2022-04-19 13:30:02|   1.4|  0.0|INFORM|Saving spatial index into file 'C:\Users\Matthew\AppData\Local\Temp\wb-cache--CweEtD\Main_PostcodeBoundaries -1 3 -1  0  6414a58eccabf704a6c5166a249d5825510217cd.fsi'
2022-04-19 13:30:02|   1.4|  0.0|INFORM|Finished saving spatial index into file 'C:\Users\Matthew\AppData\Local\Temp\wb-cache--CweEtD\Main_PostcodeBoundaries -1 3 -1  0  6414a58eccabf704a6c5166a249d5825510217cd.fsi'
2022-04-19 13:30:02|   1.4|  0.0|STATS |SubstringExtractor_OUTPUT Feature Counter -1 14 (TeeFactory): Cloned 8135 input feature(s) into 8135 output feature(s)
2022-04-19 13:30:02|   1.4|  0.0|STATS |Destination Feature Type Routing Correlator (RoutingFactory): Tested 8135 input feature(s), wrote 8135 output feature(s): 0 matched merge filters, 8135 were routed to output, 0 could not be routed.
2022-04-19 13:30:02|   1.4|  0.0|STATS |Final Output Nuker (TeeFactory): Cloned 0 input feature(s) into 0 output feature(s)
2022-04-19 13:30:02|   1.4|  0.0|INFORM|SpatiaLite Writer: Spatial Column SRID for feature type 'PostalAddress' table creation is '26910'
2022-04-19 13:30:02|   1.4|  0.0|INFORM|SpatiaLite Writer: Dropping table 'PostalAddress'
2022-04-19 13:30:02|   1.4|  0.0|INFORM|SpatiaLite Writer: Creating table 'PostalAddress'
2022-04-19 13:30:03|   1.5|  0.1|INFORM|SpatiaLite Writer: Creating spatial index for table 'PostalAddress'
2022-04-19 13:30:03|   1.6|  0.1|INFORM|SpatiaLite Writer: Closing `C:\Users\Matthew\Downloads\FMEData2020\FMEData2020\Output\Training\addresses.sqlite' . Write operation complete
2022-04-19 13:30:03|   1.6|  0.0|INFORM|=-=-=-=-=-=-=-=-=-=-=-=-=-=-=-=-=-=-=-=-=-=-=-=-=-=-=-=-=-=-=-=-=-=-=-=-=-=-=-
2022-04-19 13:30:03|   1.6|  0.0|INFORM|Feature output statistics for `SPATIALITE_NATIVE' writer using keyword `SPATIALITE_NATIVE_1':
2022-04-19 13:30:03|   1.6|  0.0|STATS |=-=-=-=-=-=-=-=-=-=-=-=-=-=-=-=-=-=-=-=-=-=-=-=-=-=-=-=-=-=-=-=-=-=-=-=-=-=-=-
2022-04-19 13:30:03|   1.6|  0.0|STATS |                               Features Written
2022-04-19 13:30:03|   1.6|  0.0|STATS |=-=-=-=-=-=-=-=-=-=-=-=-=-=-=-=-=-=-=-=-=-=-=-=-=-=-=-=-=-=-=-=-=-=-=-=-=-=-=-
2022-04-19 13:30:03|   1.6|  0.0|STATS |PostalAddress                                                             8135
2022-04-19 13:30:03|   1.6|  0.0|STATS |==============================================================================
2022-04-19 13:30:03|   1.6|  0.0|STATS |Total Features Written                                                    8135
2022-04-19 13:30:03|   1.6|  0.0|STATS |=-=-=-=-=-=-=-=-=-=-=-=-=-=-=-=-=-=-=-=-=-=-=-=-=-=-=-=-=-=-=-=-=-=-=-=-=-=-=-
2022-04-19 13:30:03|   1.6|  0.0|STATS |=-=-=-=-=-=-=-=-=-=-=-=-=-=-=-=-=-=-=-=-=-=-=-=-=-=-=-=-=-=-=-=-=-=-=-=-=-=-=-
2022-04-19 13:30:03|   1.6|  0.0|STATS |                            Features Read Summary
2022-04-19 13:30:03|   1.6|  0.0|STATS |=-=-=-=-=-=-=-=-=-=-=-=-=-=-=-=-=-=-=-=-=-=-=-=-=-=-=-=-=-=-=-=-=-=-=-=-=-=-=-
2022-04-19 13:30:03|   1.6|  0.0|STATS |PostalAddress                                                            13597
2022-04-19 13:30:03|   1.6|  0.0|STATS |PostcodeBoundaries                                                          18
2022-04-19 13:30:03|   1.6|  0.0|STATS |==============================================================================
2022-04-19 13:30:03|   1.6|  0.0|STATS |Total Features Read                                                      13615
2022-04-19 13:30:03|   1.6|  0.0|STATS |=-=-=-=-=-=-=-=-=-=-=-=-=-=-=-=-=-=-=-=-=-=-=-=-=-=-=-=-=-=-=-=-=-=-=-=-=-=-=-
2022-04-19 13:30:03|   1.6|  0.0|STATS |=-=-=-=-=-=-=-=-=-=-=-=-=-=-=-=-=-=-=-=-=-=-=-=-=-=-=-=-=-=-=-=-=-=-=-=-=-=-=-
2022-04-19 13:30:03|   1.6|  0.0|STATS |                           Features Written Summary
2022-04-19 13:30:03|   1.6|  0.0|STATS |=-=-=-=-=-=-=-=-=-=-=-=-=-=-=-=-=-=-=-=-=-=-=-=-=-=-=-=-=-=-=-=-=-=-=-=-=-=-=-
2022-04-19 13:30:03|   1.6|  0.0|STATS |PostalAddress                                                             8135
2022-04-19 13:30:03|   1.6|  0.0|STATS |==============================================================================
2022-04-19 13:30:03|   1.6|  0.0|STATS |Total Features Written                                                    8135
2022-04-19 13:30:03|   1.6|  0.0|STATS |=-=-=-=-=-=-=-=-=-=-=-=-=-=-=-=-=-=-=-=-=-=-=-=-=-=-=-=-=-=-=-=-=-=-=-=-=-=-=-
2022-04-19 13:30:03|   1.6|  0.0|WARN  |-~-~-~-~-~-~-~-~-~-~-~-~-~-~-~-~-~-~-~-~-~-~-~-~-~-~-~-~-~-~-~-~-~-~-~-~-~-~-~-~-
2022-04-19 13:30:03|   1.6|  0.0|WARN  |-~                                                                             ~-
2022-04-19 13:30:03|   1.6|  0.0|WARN  |-~    Feature caches have been recorded at every stage of the translation.     ~-
2022-04-19 13:30:03|   1.6|  0.0|WARN  |-~                      To inspect the recorded features,                      ~-
2022-04-19 13:30:03|   1.6|  0.0|WARN  |-~              click the feature cache icons next to the ports.               ~-
2022-04-19 13:30:03|   1.6|  0.0|WARN  |-~                                                                             ~-
2022-04-19 13:30:03|   1.6|  0.0|WARN  |-~-~-~-~-~-~-~-~-~-~-~-~-~-~-~-~-~-~-~-~-~-~-~-~-~-~-~-~-~-~-~-~-~-~-~-~-~-~-~-~-
2022-04-19 13:30:03|   1.6|  0.0|INFORM|Translation was SUCCESSFUL with 7 warning(s) (8135 feature(s) output)
2022-04-19 13:30:03|   1.6|  0.0|INFORM|FME Session Duration: 1.8 seconds. (CPU: 1.2s user, 0.4s system)
2022-04-19 13:30:03|   1.6|  0.0|INFORM|END - ProcessID: 2124, peak process memory usage: 171232 kB, current process memory usage: 118936 kB
